\BOOKMARK [0][-]{chapter.1}{\376\377\004\022\004\076\004\062\004\065\004\064}{}% 1
\BOOKMARK [1][-]{section.1.1}{\376\377\004\034\004\076\004\102\004\070\004\062\004\060\004\106\004\070\004\130\004\060}{chapter.1}% 2
\BOOKMARK [1][-]{section.1.2}{\376\377\004\037\004\100\004\076\004\061\004\073\004\065\004\074\004\076\004\102\000\040\004\075\004\060\000\040\004\072\004\076\004\073\004\070\004\067\004\070\004\070\000\040\004\067\004\060\000\040\004\064\004\065\004\104\004\076\004\100\004\074\004\060\004\061\004\070\004\073\004\075\004\070\000\040\004\102\004\065\004\073\004\060}{chapter.1}% 3
\BOOKMARK [1][-]{section.1.3}{\376\377\004\046\004\065\004\073\004\070\000\040\004\070\000\040\004\077\004\100\004\065\004\063\004\073\004\065\004\064\000\040\004\075\004\060\000\040\004\102\004\100\004\103\004\064\004\076\004\102}{chapter.1}% 4
\BOOKMARK [0][-]{chapter.2}{\376\377\004\037\004\076\004\067\004\060\004\064\004\070\004\075\004\060\000\040\004\070\000\040\004\077\004\076\004\062\004\100\004\067\004\060\004\075\004\070\000\040\004\064\004\065\004\073\004\060}{}% 5
\BOOKMARK [1][-]{section.2.1}{\376\377\004\037\004\060\004\100\004\060\004\064\004\070\004\063\004\074\004\070\000\040\004\067\004\060\000\040\004\101\004\070\004\074\004\103\004\073\004\060\004\106\004\070\004\130\004\060\000\040\004\075\004\060\000\040\004\074\004\065\004\072\004\070\000\040\004\102\004\065\004\073\004\060}{chapter.2}% 6
\BOOKMARK [2][-]{subsection.2.1.1}{\376\377\004\041\004\070\004\101\004\102\004\065\004\074\004\070\000\040\004\075\004\060\000\040\004\074\004\060\004\101\004\060\000\040\004\070\000\040\004\077\004\100\004\103\004\066\004\070\004\075\004\060}{section.2.1}% 7
\BOOKMARK [2][-]{subsection.2.1.2}{\376\377\004\034\004\065\004\102\004\076\004\064\000\040\004\075\004\060\000\040\004\072\004\076\004\075\004\065\004\107\004\075\004\070\000\040\004\065\004\073\004\065\004\074\004\065\004\075\004\102\004\070\000\040\000\050\000F\000i\000n\000i\000t\000e\000\040\000E\000l\000e\000m\000e\000n\000t\000\040\000M\000e\000t\000h\000o\000d\000\051}{section.2.1}% 8
\BOOKMARK [2][-]{subsection.2.1.3}{\376\377\004\041\004\077\004\076\004\130\004\103\004\062\004\060\004\132\004\065\000\040\004\075\004\060\000\040\004\076\004\061\004\073\004\070\004\106\004\070\000\040\000\050\000S\000h\000a\000p\000e\000\040\000m\000a\000t\000c\000h\000i\000n\000g\000\051}{section.2.1}% 9
\BOOKMARK [2][-]{subsection.2.1.4}{\376\377\004\024\004\070\004\075\004\060\004\074\004\070\004\072\004\060\000\040\004\061\004\060\004\067\004\070\004\100\004\060\004\075\004\060\000\040\004\075\004\060\000\040\004\077\004\076\004\067\004\070\004\106\004\070\004\070\000\040\000\050\000P\000o\000s\000i\000t\000i\000o\000n\000-\000B\000a\000s\000e\000d\000\040\000D\000y\000n\000a\000m\000i\000c\000s\000\051}{section.2.1}% 10
\BOOKMARK [2][-]{subsection.2.1.5}{\376\377\004\037\004\100\004\076\004\110\004\070\004\100\004\065\004\075\004\060\000\040\004\064\004\070\004\074\004\060\004\075\004\070\004\072\004\060\000\040\004\061\004\060\004\067\004\070\004\100\004\060\004\075\004\060\000\040\004\075\004\060\000\040\004\077\004\076\004\067\004\070\004\106\004\070\004\070\000\040\000\050\000E\000x\000t\000e\000n\000d\000e\000d\000\040\000P\000B\000D\000\051}{section.2.1}% 11
\BOOKMARK [1][-]{section.2.2}{\376\377\004\030\004\101\004\102\004\076\004\100\004\070\004\130\004\060\000\040\004\075\004\060\000\040\004\074\004\065\004\102\004\076\004\064\004\070\000\040\004\061\004\060\004\067\004\070\004\100\004\060\004\075\004\070\000\040\004\075\004\060\000\040\004\077\004\076\004\067\004\070\004\106\004\070\004\130\004\060}{chapter.2}% 12
\BOOKMARK [1][-]{section.2.3}{\376\377\004\042\004\065\004\105\004\075\004\070\004\072\004\070\000\040\004\075\004\060\000\040\004\072\004\076\004\073\004\070\004\067\004\070\004\070\000\040\004\062\004\076\000\040\004\104\004\070\004\067\004\070\004\107\004\072\004\070\000\040\004\101\004\070\004\074\004\103\004\073\004\060\004\106\004\070\004\070}{chapter.2}% 13
\BOOKMARK [2][-]{subsection.2.3.1}{\376\377\004\042\004\062\004\100\004\064\004\070\000\040\004\075\004\060\004\101\004\077\004\100\004\076\004\102\004\070\000\040\004\074\004\065\004\072\004\070\000\040\004\102\004\065\004\073\004\060}{section.2.3}% 14
\BOOKMARK [2][-]{subsection.2.3.2}{\376\377\004\024\004\070\004\101\004\072\004\100\004\065\004\102\004\075\004\060\000\040\004\075\004\060\004\101\004\077\004\100\004\076\004\102\004\070\000\040\004\072\004\076\004\075\004\102\004\070\004\075\004\103\004\070\004\100\004\060\004\075\004\060\000\040\004\064\004\065\004\102\004\065\004\072\004\106\004\070\004\130\004\060}{section.2.3}% 15
\BOOKMARK [2][-]{subsection.2.3.3}{\376\377\004\037\004\060\004\100\004\060\004\064\004\070\004\063\004\074\004\070\000\040\004\067\004\060\000\040\004\100\004\065\004\060\004\072\004\106\004\070\004\130\004\060\000\040\004\075\004\060\000\040\004\072\004\076\004\073\004\070\004\067\004\070\004\130\004\060}{section.2.3}% 16
\BOOKMARK [2][-]{subsection.2.3.4}{\376\377\004\037\004\100\004\070\004\101\004\102\004\060\004\077\004\070\000\040\004\067\004\060\000\040\004\101\004\060\004\074\004\076\000-\004\101\004\103\004\064\004\070\004\100}{section.2.3}% 17
\BOOKMARK [0][-]{chapter.3}{\376\377\004\034\004\060\004\102\004\065\004\074\004\060\004\102\004\070\004\107\004\072\004\070\000\040\004\070\000\040\004\104\004\070\004\067\004\070\004\107\004\072\004\070\000\040\004\076\004\101\004\075\004\076\004\062\004\070}{}% 18
\BOOKMARK [1][-]{section.3.1}{\376\377\004\012\004\103\004\102\004\075\004\076\004\062\004\076\000\040\004\064\004\062\004\070\004\066\004\065\004\132\004\065\000\040\004\070\000\040\004\062\004\100\004\065\004\074\004\065\004\075\004\101\004\072\004\076\000\040\004\070\004\075\004\102\004\065\004\063\004\100\004\070\004\100\004\060\004\132\004\065}{chapter.3}% 19
\BOOKMARK [2][-]{subsection.3.1.1}{\376\377\004\025\004\072\004\101\004\077\004\073\004\070\004\106\004\070\004\102\004\065\004\075\000\040\000\050\000f\000o\000r\000w\000a\000r\000d\000\051\000\040\000O\000j\004\073\004\065\004\100}{section.3.1}% 20
\BOOKMARK [2][-]{subsection.3.1.2}{\376\377\004\041\004\070\004\074\004\077\004\073\004\065\004\072\004\102\004\070\004\107\004\072\004\070\000\050\004\077\004\076\004\073\004\103\004\070\004\074\004\077\004\073\004\070\004\106\004\070\004\102\004\065\004\075\000\051\000\040\004\036\004\130\004\073\004\065\004\100\004\076\004\062\000\040\004\074\004\065\004\102\004\076\004\064}{section.3.1}% 21
\BOOKMARK [2][-]{subsection.3.1.3}{\376\377\004\022\004\065\004\100\004\073\004\065\004\076\004\062\004\060\000\040\004\070\004\075\004\102\004\065\004\063\004\100\004\060\004\106\004\070\004\130\004\060}{section.3.1}% 22
\BOOKMARK [1][-]{section.3.2}{\376\377\004\024\004\070\004\075\004\060\004\074\004\070\004\072\004\060\000\040\004\067\004\060\004\101\004\075\004\076\004\062\004\060\004\075\004\060\000\040\004\075\004\060\000\040\004\076\004\063\004\100\004\060\004\075\004\070\004\107\004\103\004\062\004\060\004\132\004\060\000\040\000\050\000C\000o\000n\000s\000t\000r\000a\000i\000n\000t\000-\000b\000a\000s\000e\000d\000\040\000d\000y\000n\000a\000m\000i\000c\000s\000\051}{chapter.3}% 23
\BOOKMARK [2][-]{subsection.3.2.1}{\376\377\004\036\004\063\004\100\004\060\004\075\004\070\004\107\004\103\004\062\004\060\004\132\004\060}{section.3.2}% 24
\BOOKMARK [2][-]{subsection.3.2.2}{\376\377\004\033\004\060\004\063\004\100\004\060\004\075\004\066\004\076\004\062\004\070\000\040\004\074\004\075\004\076\004\066\004\070\004\102\004\065\004\073\004\070}{section.3.2}% 25
\BOOKMARK [2][-]{subsection.3.2.3}{\376\377\004\023\004\060\004\103\004\101\000-\004\041\004\060\004\130\004\064\004\065\004\073\004\076\004\062\004\060\000\040\004\070\004\102\004\065\004\100\004\060\004\106\004\070\004\130\004\060}{section.3.2}% 26
\BOOKMARK [1][-]{section.3.3}{\376\377\000X\000P\000B\000D\000\040\004\104\004\076\004\100\004\074\004\103\004\073\004\060\004\106\004\070\004\130\004\060\004\102\004\060}{chapter.3}% 27
\BOOKMARK [2][-]{subsection.3.3.1}{\376\377\004\043\004\101\004\076\004\063\004\073\004\060\004\101\004\065\004\075\004\076\004\101\004\102\000\040\000\050\000c\000o\000m\000p\000l\000i\000a\000n\000c\000e\000\051}{section.3.3}% 28
\BOOKMARK [2][-]{subsection.3.3.2}{\376\377\004\042\004\065\004\100\004\074\004\070\004\075\004\076\004\102\000\040\000a\000l\000p\000h\000a}{section.3.3}% 29
\BOOKMARK [2][-]{subsection.3.3.3}{\376\377\004\020\004\072\004\103\004\074\004\103\004\073\004\070\004\100\004\060\004\075\000\040\004\033\004\060\004\063\004\100\004\060\004\075\004\066\000\040\004\074\004\103\004\073\004\102\004\070\004\077\004\073\004\070\004\072\004\060\004\102\004\076\004\100}{section.3.3}% 30
\BOOKMARK [2][-]{subsection.3.3.4}{\376\377\004\020\004\066\004\103\004\100\004\070\004\100\004\060\004\132\004\065\004\102\004\076\000\040\004\077\004\076\000\040\004\070\004\102\004\065\004\100\004\060\004\106\004\070\004\130\004\060}{section.3.3}% 31
\BOOKMARK [2][-]{subsection.3.3.5}{\376\377\004\020\004\066\004\103\004\100\004\070\004\100\004\060\004\132\004\065\000\040\004\075\004\060\000\040\004\061\004\100\004\067\004\070\004\075\004\060\004\102\004\060}{section.3.3}% 32
\BOOKMARK [2][-]{subsection.3.3.6}{\376\377\004\027\004\076\004\110\004\102\004\076\000\040\004\104\004\103\004\075\004\072\004\106\004\070\004\076\004\075\004\070\004\100\004\060\000\040\004\106\004\062\004\100\004\101\004\102\004\070\004\075\004\060\004\102\004\060\000\040\004\075\004\065\004\067\004\060\004\062\004\070\004\101\004\075\004\060\000\040\004\076\004\064\000\040\004\070\004\102\004\065\004\100\004\060\004\106\004\070\004\130\004\060\004\102\004\060}{section.3.3}% 33
\BOOKMARK [2][-]{subsection.3.3.7}{\376\377\004\037\004\076\004\102\004\107\004\065\004\072\004\076\004\100\004\070\000\040\004\075\004\060\004\101\004\077\004\100\004\076\004\102\004\070\000\040\004\070\004\102\004\065\004\100\004\060\004\106\004\070\004\070}{section.3.3}% 34
\BOOKMARK [0][-]{chapter.4}{\376\377\004\034\004\076\004\064\004\065\004\073\000\040\004\075\004\060\000\040\004\074\004\065\004\072\004\076\000\040\004\102\004\065\004\073\004\076}{}% 35
\BOOKMARK [1][-]{subsection.4.0.1}{\376\377\004\027\004\076\004\110\004\102\004\076\000\040\004\077\004\100\004\060\004\067\004\075\004\060\000\040\004\076\004\061\004\062\004\070\004\062\004\072\004\060\000\040\004\075\004\065\000\040\004\074\004\076\004\066\004\065\000\040\004\064\004\060\000\040\004\101\004\070\004\074\004\103\004\073\004\070\004\100\004\060\000\040\004\074\004\065\004\072\004\076\000\040\004\102\004\065\004\073\004\076}{chapter.4}% 36
\BOOKMARK [2][-]{subsection.4.0.2}{\376\377\004\042\004\065\004\102\004\100\004\060\004\065\004\064\004\100\004\060\004\073\004\070\004\067\004\060\004\106\004\070\004\130\004\060\000\040\000\050\000t\000e\000t\000r\000a\000h\000e\000d\000r\000a\000l\000i\000z\000a\000t\000i\000o\000n\000\051}{subsection.4.0.1}% 37
\BOOKMARK [2][-]{subsection.4.0.3}{\376\377\004\024\004\065\004\073\004\076\004\062\004\070\000\040\004\075\004\060\000\040\004\074\004\065\004\072\004\076\004\102\004\076\000\040\004\102\004\065\004\073\004\076}{subsection.4.0.1}% 38
\BOOKMARK [1][-]{section.4.1}{\376\377\004\040\004\065\004\077\004\100\004\065\004\067\004\065\004\075\004\102\004\060\004\106\004\070\004\130\004\060\000\040\004\075\004\060\000\040\004\107\004\065\004\101\004\102\004\070\004\107\004\072\004\070}{chapter.4}% 39
\BOOKMARK [1][-]{section.4.2}{\376\377\004\042\004\065\004\102\004\100\004\060\004\065\004\064\004\100\004\060\004\073\004\070\004\067\004\060\004\106\004\070\004\130\004\060}{chapter.4}% 40
\BOOKMARK [2][-]{subsection.4.2.1}{\376\377\000T\000e\000t\000G\000e\000n}{section.4.2}% 41
\BOOKMARK [2][-]{subsection.4.2.2}{\376\377\004\036\004\063\004\100\004\060\004\075\004\070\004\107\004\103\004\062\004\060\004\132\004\060}{section.4.2}% 42
\BOOKMARK [1][-]{section.4.3}{\376\377\004\036\004\063\004\100\004\060\004\075\004\070\004\107\004\103\004\062\004\060\004\132\004\060\000\040\004\075\004\060\000\040\004\100\004\060\004\061\004\076\004\062\004\070}{chapter.4}% 43
\BOOKMARK [2][-]{subsection.4.3.1}{\376\377\004\024\004\065\004\064\004\103\004\077\004\073\004\070\004\072\004\060\004\106\004\070\004\130\004\060}{section.4.3}% 44
\BOOKMARK [2][-]{subsection.4.3.2}{\376\377\004\036\004\063\004\100\004\060\004\075\004\070\004\107\004\103\004\062\004\060\004\132\004\065\000\040\004\070\000\040\004\063\004\100\004\060\004\064\004\070\004\065\004\075\004\102}{section.4.3}% 45
\BOOKMARK [2][-]{subsection.4.3.3}{\376\377\004\047\004\065\004\072\004\076\004\100\000\040\004\062\004\076\000\040\004\100\004\065\004\110\004\060\004\062\004\060\004\107}{section.4.3}% 46
\BOOKMARK [2][-]{subsection.4.3.4}{}{section.4.3}% 47
\BOOKMARK [0][-]{chapter.5}{\376\377\000R\000e\000s\000t}{}% 48
\BOOKMARK [0][-]{chapter.6}{\376\377\004\027\004\060\004\072\004\073\004\103\004\107\004\076\004\072}{}% 49
