This is XeTeX, Version 3.141592653-2.6-0.999998 (TeX Live 2026/Arch Linux) (preloaded format=xelatex 2026.4.25)  24 MAY 2026 18:28
entering extended mode
 restricted \write18 enabled.
 %&-line parsing enabled.
**main.tex
(./main.tex
LaTeX2e <2025-11-01>
L3 programming layer <2026-01-19>
(/usr/share/texmf-dist/tex/latex/base/report.cls
Document Class: report 2025/01/22 v1.4n Standard LaTeX document class
(/usr/share/texmf-dist/tex/latex/base/size10.clo
File: size10.clo 2025/01/22 v1.4n Standard LaTeX file (size option)
)
\c@part=\count271
\c@chapter=\count272
\c@section=\count273
\c@subsection=\count274
\c@subsubsection=\count275
\c@paragraph=\count276
\c@subparagraph=\count277
\c@figure=\count278
\c@table=\count279
\abovecaptionskip=\skip49
\belowcaptionskip=\skip50
\bibindent=\dimen148
) (./Source files/setup.tex (/usr/share/texmf-dist/tex/latex/geometry/geometry.
sty
Package: geometry 2020/01/02 v5.9 Page Geometry
(/usr/share/texmf-dist/tex/latex/graphics/keyval.sty
Package: keyval 2022/05/29 v1.15 key=value parser (DPC)
\KV@toks@=\toks17
) (/usr/share/texmf-dist/tex/generic/iftex/ifvtex.sty
Package: ifvtex 2019/10/25 v1.7 ifvtex legacy package. Use iftex instead.
(/usr/share/texmf-dist/tex/generic/iftex/iftex.sty
Package: iftex 2024/12/12 v1.0g TeX engine tests
))
\Gm@cnth=\count280
\Gm@cntv=\count281
\c@Gm@tempcnt=\count282
\Gm@bindingoffset=\dimen149
\Gm@wd@mp=\dimen150
\Gm@odd@mp=\dimen151
\Gm@even@mp=\dimen152
\Gm@layoutwidth=\dimen153
\Gm@layoutheight=\dimen154
\Gm@layouthoffset=\dimen155
\Gm@layoutvoffset=\dimen156
\Gm@dimlist=\toks18
) (/usr/share/texmf-dist/tex/generic/babel/babel.sty
Package: babel 2026/02/14 v26.3 The multilingual framework for LuaLaTeX, pdfLaT
eX and XeLaTeX
\babel@savecnt=\count283
LaTeX Encoding Info:    Redeclaring text command \ij (encoding OT1) on input li
ne 2078.
LaTeX Encoding Info:    Redeclaring text command \IJ (encoding OT1) on input li
ne 2080.
LaTeX Encoding Info:    Redeclaring text command \ij (encoding T1) on input lin
e 2082.
LaTeX Encoding Info:    Redeclaring text command \IJ (encoding T1) on input lin
e 2083.
LaTeX Encoding Info:    Ignoring declaration for text command \ij (encoding ?) 
on input line 2084.
LaTeX Encoding Info:    Ignoring declaration for text command \IJ (encoding ?) 
on input line 2086.
LaTeX Encoding Info:    Ignoring declaration for text command \SS (encoding ?) 
on input line 2111.
\U@D=\dimen157
\l@unhyphenated=\language13
(/usr/share/texmf-dist/tex/generic/babel/xebabel.def)
\bbl@readstream=\read2
\bbl@dirlevel=\count284
Package babel Info: You haven't specified a language as a class or package
(babel)             option. I'll load 'nil'. Reported on input line 4265.
Package babel Info: Importing font and identification data for nil
(babel)             from babel-und-x-nil.ini. Reported on input line 4330.
(/usr/share/texmf-dist/tex/generic/babel/nil.ldf
Language: nil 2026/02/14 v26.3 Nil language
\l@nil=\language14
)) (/usr/share/texmf-dist/tex/generic/babel/locale/mk/babel-macedonian.tex)
Package babel Info: Importing data for macedonian
(babel)             from babel-mk.ini. Reported on input line 4.
Package babel Info: Hyphen rules for 'macedonian' set to \l@nil
(babel)             (\language14). Reported on input line 4.
(/usr/share/texmf-dist/tex/latex/parskip/parskip.sty
Package: parskip 2021-03-14 v2.0h non-zero parskip adjustments
(/usr/share/texmf-dist/tex/latex/kvoptions/kvoptions.sty
Package: kvoptions 2022-06-15 v3.15 Key value format for package options (HO)
(/usr/share/texmf-dist/tex/generic/ltxcmds/ltxcmds.sty
Package: ltxcmds 2023-12-04 v1.26 LaTeX kernel commands for general use (HO)
) (/usr/share/texmf-dist/tex/latex/kvsetkeys/kvsetkeys.sty
Package: kvsetkeys 2022-10-05 v1.19 Key value parser (HO)
)) (/usr/share/texmf-dist/tex/latex/etoolbox/etoolbox.sty
Package: etoolbox 2025/10/02 v2.5m e-TeX tools for LaTeX (JAW)
\etb@tempcnta=\count285
)) (/usr/share/texmf-dist/tex/latex/graphics/graphicx.sty
Package: graphicx 2024/12/31 v1.2e Enhanced LaTeX Graphics (DPC,SPQR)
(/usr/share/texmf-dist/tex/latex/graphics/graphics.sty
Package: graphics 2024/08/06 v1.4g Standard LaTeX Graphics (DPC,SPQR)
(/usr/share/texmf-dist/tex/latex/graphics/trig.sty
Package: trig 2023/12/02 v1.11 sin cos tan (DPC)
) (/usr/share/texmf-dist/tex/latex/graphics-cfg/graphics.cfg
File: graphics.cfg 2016/06/04 v1.11 sample graphics configuration
)
Package graphics Info: Driver file: xetex.def on input line 106.
(/usr/share/texmf-dist/tex/latex/graphics-def/xetex.def
File: xetex.def 2025/11/01 v5.0p Graphics/color driver for xetex
))
\Gin@req@height=\dimen158
\Gin@req@width=\dimen159
) (/usr/share/texmf-dist/tex/latex/amsfonts/amssymb.sty
Package: amssymb 2013/01/14 v3.01 AMS font symbols
(/usr/share/texmf-dist/tex/latex/amsfonts/amsfonts.sty
Package: amsfonts 2013/01/14 v3.01 Basic AMSFonts support
\@emptytoks=\toks19
\symAMSa=\mathgroup4
\symAMSb=\mathgroup5
LaTeX Font Info:    Redeclaring math symbol \hbar on input line 98.
LaTeX Font Info:    Overwriting math alphabet `\mathfrak' in version `bold'
(Font)                  U/euf/m/n --> U/euf/b/n on input line 106.
)) (/usr/share/texmf-dist/tex/latex/amsmath/amsmath.sty
Package: amsmath 2025/07/09 v2.17z AMS math features
\@mathmargin=\skip51
For additional information on amsmath, use the `?' option.
(/usr/share/texmf-dist/tex/latex/amsmath/amstext.sty
Package: amstext 2024/11/17 v2.01 AMS text
(/usr/share/texmf-dist/tex/latex/amsmath/amsgen.sty
File: amsgen.sty 1999/11/30 v2.0 generic functions
\@emptytoks=\toks20
\ex@=\dimen160
)) (/usr/share/texmf-dist/tex/latex/amsmath/amsbsy.sty
Package: amsbsy 1999/11/29 v1.2d Bold Symbols
\pmbraise@=\dimen161
) (/usr/share/texmf-dist/tex/latex/amsmath/amsopn.sty
Package: amsopn 2022/04/08 v2.04 operator names
)
\inf@bad=\count286
LaTeX Info: Redefining \frac on input line 233.
\uproot@=\count287
\leftroot@=\count288
LaTeX Info: Redefining \overline on input line 398.
LaTeX Info: Redefining \colon on input line 409.
\classnum@=\count289
\DOTSCASE@=\count290
LaTeX Info: Redefining \ldots on input line 495.
LaTeX Info: Redefining \dots on input line 498.
LaTeX Info: Redefining \cdots on input line 619.
\Mathstrutbox@=\box53
\strutbox@=\box54
LaTeX Info: Redefining \big on input line 721.
LaTeX Info: Redefining \Big on input line 722.
LaTeX Info: Redefining \bigg on input line 723.
LaTeX Info: Redefining \Bigg on input line 724.
\big@size=\dimen162
LaTeX Font Info:    Redeclaring font encoding OML on input line 742.
LaTeX Font Info:    Redeclaring font encoding OMS on input line 743.
\macc@depth=\count291
LaTeX Info: Redefining \bmod on input line 904.
LaTeX Info: Redefining \pmod on input line 909.
LaTeX Info: Redefining \smash on input line 939.
LaTeX Info: Redefining \relbar on input line 969.
LaTeX Info: Redefining \Relbar on input line 970.
\c@MaxMatrixCols=\count292
\dotsspace@=\muskip17
\c@parentequation=\count293
\dspbrk@lvl=\count294
\tag@help=\toks21
\row@=\count295
\column@=\count296
\maxfields@=\count297
\andhelp@=\toks22
\eqnshift@=\dimen163
\alignsep@=\dimen164
\tagshift@=\dimen165
\tagwidth@=\dimen166
\totwidth@=\dimen167
\lineht@=\dimen168
\@envbody=\toks23
\multlinegap=\skip52
\multlinetaggap=\skip53
\mathdisplay@stack=\toks24
LaTeX Info: Redefining \[ on input line 2950.
LaTeX Info: Redefining \] on input line 2951.
) (/usr/share/texmf-dist/tex/latex/listings/listings.sty
\lst@mode=\count298
\lst@gtempboxa=\box55
\lst@token=\toks25
\lst@length=\count299
\lst@currlwidth=\dimen169
\lst@column=\count300
\lst@pos=\count301
\lst@lostspace=\dimen170
\lst@width=\dimen171
\lst@newlines=\count302
\lst@lineno=\count303
\lst@maxwidth=\dimen172
(/usr/share/texmf-dist/tex/latex/listings/lstpatch.sty
File: lstpatch.sty 2025/11/14 1.11b (Carsten Heinz)
) (/usr/share/texmf-dist/tex/latex/listings/lstmisc.sty
File: lstmisc.sty 2025/11/14 1.11b (Carsten Heinz)
\c@lstnumber=\count304
\lst@skipnumbers=\count305
\lst@framebox=\box56
) (/usr/share/texmf-dist/tex/latex/listings/listings.cfg
File: listings.cfg 2025/11/14 1.11b listings configuration
))
Package: listings 2025/11/14 1.11b (Carsten Heinz)
==> First Aid for listings.sty no longer applied!
    Expected:
        2024/09/23 1.10c (Carsten Heinz)
    but found:
        2025/11/14 1.11b (Carsten Heinz)
    so I'm assuming it got fixed.
(/usr/share/texmf-dist/tex/latex/caption/caption.sty
Package: caption 2023/08/05 v3.6o Customizing captions (AR)
(/usr/share/texmf-dist/tex/latex/caption/caption3.sty
Package: caption3 2023/07/31 v2.4d caption3 kernel (AR)
\caption@tempdima=\dimen173
\captionmargin=\dimen174
\caption@leftmargin=\dimen175
\caption@rightmargin=\dimen176
\caption@width=\dimen177
\caption@indent=\dimen178
\caption@parindent=\dimen179
\caption@hangindent=\dimen180
Package caption Info: Standard document class detected.
)
\c@caption@flags=\count306
\c@continuedfloat=\count307
Package caption Info: listings package is loaded.
) (/usr/share/texmf-dist/tex/latex/xcolor/xcolor.sty
Package: xcolor 2024/09/29 v3.02 LaTeX color extensions (UK)
(/usr/share/texmf-dist/tex/latex/graphics-cfg/color.cfg
File: color.cfg 2016/01/02 v1.6 sample color configuration
)
Package xcolor Info: Driver file: xetex.def on input line 274.
(/usr/share/texmf-dist/tex/latex/graphics/mathcolor.ltx)
Package xcolor Info: Model `cmy' substituted by `cmy0' on input line 1349.
Package xcolor Info: Model `RGB' extended on input line 1365.
Package xcolor Info: Model `HTML' substituted by `rgb' on input line 1367.
Package xcolor Info: Model `Hsb' substituted by `hsb' on input line 1368.
Package xcolor Info: Model `tHsb' substituted by `hsb' on input line 1369.
Package xcolor Info: Model `HSB' substituted by `hsb' on input line 1370.
Package xcolor Info: Model `Gray' substituted by `gray' on input line 1371.
Package xcolor Info: Model `wave' substituted by `hsb' on input line 1372.
) (/usr/share/texmf-dist/tex/latex/pgfplots/pgfplots.sty (/usr/share/texmf-dist
/tex/generic/pgfplots/pgfplots.revision.tex)
Package: pgfplots 2025/08/14 v1.18.2 Data Visualization (1.18.2)
(/usr/share/texmf-dist/tex/latex/pgf/frontendlayer/tikz.sty (/usr/share/texmf-d
ist/tex/latex/pgf/basiclayer/pgf.sty (/usr/share/texmf-dist/tex/latex/pgf/utili
ties/pgfrcs.sty (/usr/share/texmf-dist/tex/generic/pgf/utilities/pgfutil-common
.tex
\pgfutil@everybye=\toks26
\pgfutil@tempdima=\dimen181
\pgfutil@tempdimb=\dimen182
) (/usr/share/texmf-dist/tex/generic/pgf/utilities/pgfutil-latex.def
\pgfutil@abb=\box57
) (/usr/share/texmf-dist/tex/generic/pgf/utilities/pgfrcs.code.tex (/usr/share/
texmf-dist/tex/generic/pgf/pgf.revision.tex)
Package: pgfrcs 2025-08-29 v3.1.11a (3.1.11a)
))
Package: pgf 2025-08-29 v3.1.11a (3.1.11a)
(/usr/share/texmf-dist/tex/latex/pgf/basiclayer/pgfcore.sty (/usr/share/texmf-d
ist/tex/latex/pgf/systemlayer/pgfsys.sty (/usr/share/texmf-dist/tex/generic/pgf
/systemlayer/pgfsys.code.tex
Package: pgfsys 2025-08-29 v3.1.11a (3.1.11a)
(/usr/share/texmf-dist/tex/generic/pgf/utilities/pgfkeys.code.tex
\pgfkeys@pathtoks=\toks27
\pgfkeys@temptoks=\toks28

(/usr/share/texmf-dist/tex/generic/pgf/utilities/pgfkeyslibraryfiltered.code.te
x
\pgfkeys@tmptoks=\toks29
))
\pgf@x=\dimen183
\pgf@y=\dimen184
\pgf@xa=\dimen185
\pgf@ya=\dimen186
\pgf@xb=\dimen187
\pgf@yb=\dimen188
\pgf@xc=\dimen189
\pgf@yc=\dimen190
\pgf@xd=\dimen191
\pgf@yd=\dimen192
\w@pgf@writea=\write3
\r@pgf@reada=\read3
\c@pgf@counta=\count308
\c@pgf@countb=\count309
\c@pgf@countc=\count310
\c@pgf@countd=\count311
\t@pgf@toka=\toks30
\t@pgf@tokb=\toks31
\t@pgf@tokc=\toks32
\pgf@sys@id@count=\count312
(/usr/share/texmf-dist/tex/generic/pgf/systemlayer/pgf.cfg
File: pgf.cfg 2025-08-29 v3.1.11a (3.1.11a)
)
Driver file for pgf: pgfsys-xetex.def
(/usr/share/texmf-dist/tex/generic/pgf/systemlayer/pgfsys-xetex.def
File: pgfsys-xetex.def 2025-08-29 v3.1.11a (3.1.11a)
(/usr/share/texmf-dist/tex/generic/pgf/systemlayer/pgfsys-dvipdfmx.def
File: pgfsys-dvipdfmx.def 2025-08-29 v3.1.11a (3.1.11a)
(/usr/share/texmf-dist/tex/generic/pgf/systemlayer/pgfsys-common-pdf.def
File: pgfsys-common-pdf.def 2025-08-29 v3.1.11a (3.1.11a)
)
\pgfsys@objnum=\count313
))) (/usr/share/texmf-dist/tex/generic/pgf/systemlayer/pgfsyssoftpath.code.tex
File: pgfsyssoftpath.code.tex 2025-08-29 v3.1.11a (3.1.11a)
\pgfsyssoftpath@smallbuffer@items=\count314
\pgfsyssoftpath@bigbuffer@items=\count315
) (/usr/share/texmf-dist/tex/generic/pgf/systemlayer/pgfsysprotocol.code.tex
File: pgfsysprotocol.code.tex 2025-08-29 v3.1.11a (3.1.11a)
)) (/usr/share/texmf-dist/tex/generic/pgf/basiclayer/pgfcore.code.tex
Package: pgfcore 2025-08-29 v3.1.11a (3.1.11a)
(/usr/share/texmf-dist/tex/generic/pgf/math/pgfmath.code.tex (/usr/share/texmf-
dist/tex/generic/pgf/math/pgfmathutil.code.tex) (/usr/share/texmf-dist/tex/gene
ric/pgf/math/pgfmathparser.code.tex
\pgfmath@dimen=\dimen193
\pgfmath@count=\count316
\pgfmath@box=\box58
\pgfmath@toks=\toks33
\pgfmath@stack@operand=\toks34
\pgfmath@stack@operation=\toks35
) (/usr/share/texmf-dist/tex/generic/pgf/math/pgfmathfunctions.code.tex) (/usr/
share/texmf-dist/tex/generic/pgf/math/pgfmathfunctions.basic.code.tex)
(/usr/share/texmf-dist/tex/generic/pgf/math/pgfmathfunctions.trigonometric.code
.tex) (/usr/share/texmf-dist/tex/generic/pgf/math/pgfmathfunctions.random.code.
tex)
(/usr/share/texmf-dist/tex/generic/pgf/math/pgfmathfunctions.comparison.code.te
x) (/usr/share/texmf-dist/tex/generic/pgf/math/pgfmathfunctions.base.code.tex) 
(/usr/share/texmf-dist/tex/generic/pgf/math/pgfmathfunctions.round.code.tex) (/
usr/share/texmf-dist/tex/generic/pgf/math/pgfmathfunctions.misc.code.tex)
(/usr/share/texmf-dist/tex/generic/pgf/math/pgfmathfunctions.integerarithmetics
.code.tex) (/usr/share/texmf-dist/tex/generic/pgf/math/pgfmathcalc.code.tex) (/
usr/share/texmf-dist/tex/generic/pgf/math/pgfmathfloat.code.tex
\c@pgfmathroundto@lastzeros=\count317
)) (/usr/share/texmf-dist/tex/generic/pgf/math/pgfint.code.tex) (/usr/share/tex
mf-dist/tex/generic/pgf/basiclayer/pgfcorepoints.code.tex
File: pgfcorepoints.code.tex 2025-08-29 v3.1.11a (3.1.11a)
\pgf@picminx=\dimen194
\pgf@picmaxx=\dimen195
\pgf@picminy=\dimen196
\pgf@picmaxy=\dimen197
\pgf@pathminx=\dimen198
\pgf@pathmaxx=\dimen199
\pgf@pathminy=\dimen256
\pgf@pathmaxy=\dimen257
\pgf@xx=\dimen258
\pgf@xy=\dimen259
\pgf@yx=\dimen260
\pgf@yy=\dimen261
\pgf@zx=\dimen262
\pgf@zy=\dimen263
)
(/usr/share/texmf-dist/tex/generic/pgf/basiclayer/pgfcorepathconstruct.code.tex
File: pgfcorepathconstruct.code.tex 2025-08-29 v3.1.11a (3.1.11a)
\pgf@path@lastx=\dimen264
\pgf@path@lasty=\dimen265
) (/usr/share/texmf-dist/tex/generic/pgf/basiclayer/pgfcorepathusage.code.tex
File: pgfcorepathusage.code.tex 2025-08-29 v3.1.11a (3.1.11a)
\pgf@shorten@end@additional=\dimen266
\pgf@shorten@start@additional=\dimen267
) (/usr/share/texmf-dist/tex/generic/pgf/basiclayer/pgfcorescopes.code.tex
File: pgfcorescopes.code.tex 2025-08-29 v3.1.11a (3.1.11a)
\pgfpic=\box59
\pgf@hbox=\box60
\pgf@layerbox@main=\box61
\pgf@picture@serial@count=\count318
) (/usr/share/texmf-dist/tex/generic/pgf/basiclayer/pgfcoregraphicstate.code.te
x
File: pgfcoregraphicstate.code.tex 2025-08-29 v3.1.11a (3.1.11a)
\pgflinewidth=\dimen268
)
(/usr/share/texmf-dist/tex/generic/pgf/basiclayer/pgfcoretransformations.code.t
ex
File: pgfcoretransformations.code.tex 2025-08-29 v3.1.11a (3.1.11a)
\pgf@pt@x=\dimen269
\pgf@pt@y=\dimen270
\pgf@pt@temp=\dimen271
) (/usr/share/texmf-dist/tex/generic/pgf/basiclayer/pgfcorequick.code.tex
File: pgfcorequick.code.tex 2025-08-29 v3.1.11a (3.1.11a)
) (/usr/share/texmf-dist/tex/generic/pgf/basiclayer/pgfcoreobjects.code.tex
File: pgfcoreobjects.code.tex 2025-08-29 v3.1.11a (3.1.11a)
)
(/usr/share/texmf-dist/tex/generic/pgf/basiclayer/pgfcorepathprocessing.code.te
x
File: pgfcorepathprocessing.code.tex 2025-08-29 v3.1.11a (3.1.11a)
) (/usr/share/texmf-dist/tex/generic/pgf/basiclayer/pgfcorearrows.code.tex
File: pgfcorearrows.code.tex 2025-08-29 v3.1.11a (3.1.11a)
\pgfarrowsep=\dimen272
) (/usr/share/texmf-dist/tex/generic/pgf/basiclayer/pgfcoreshade.code.tex
File: pgfcoreshade.code.tex 2025-08-29 v3.1.11a (3.1.11a)
\pgf@max=\dimen273
\pgf@sys@shading@range@num=\count319
\pgf@shadingcount=\count320
) (/usr/share/texmf-dist/tex/generic/pgf/basiclayer/pgfcoreimage.code.tex
File: pgfcoreimage.code.tex 2025-08-29 v3.1.11a (3.1.11a)
) (/usr/share/texmf-dist/tex/generic/pgf/basiclayer/pgfcoreexternal.code.tex
File: pgfcoreexternal.code.tex 2025-08-29 v3.1.11a (3.1.11a)
\pgfexternal@startupbox=\box62
) (/usr/share/texmf-dist/tex/generic/pgf/basiclayer/pgfcorelayers.code.tex
File: pgfcorelayers.code.tex 2025-08-29 v3.1.11a (3.1.11a)
) (/usr/share/texmf-dist/tex/generic/pgf/basiclayer/pgfcoretransparency.code.te
x
File: pgfcoretransparency.code.tex 2025-08-29 v3.1.11a (3.1.11a)
) (/usr/share/texmf-dist/tex/generic/pgf/basiclayer/pgfcorepatterns.code.tex
File: pgfcorepatterns.code.tex 2025-08-29 v3.1.11a (3.1.11a)
) (/usr/share/texmf-dist/tex/generic/pgf/basiclayer/pgfcorerdf.code.tex
File: pgfcorerdf.code.tex 2025-08-29 v3.1.11a (3.1.11a)
))) (/usr/share/texmf-dist/tex/generic/pgf/modules/pgfmoduleshapes.code.tex
File: pgfmoduleshapes.code.tex 2025-08-29 v3.1.11a (3.1.11a)
\pgfnodeparttextbox=\box63
) (/usr/share/texmf-dist/tex/generic/pgf/modules/pgfmoduleplot.code.tex
File: pgfmoduleplot.code.tex 2025-08-29 v3.1.11a (3.1.11a)
) (/usr/share/texmf-dist/tex/latex/pgf/compatibility/pgfcomp-version-0-65.sty
Package: pgfcomp-version-0-65 2025-08-29 v3.1.11a (3.1.11a)
\pgf@nodesepstart=\dimen274
\pgf@nodesepend=\dimen275
) (/usr/share/texmf-dist/tex/latex/pgf/compatibility/pgfcomp-version-1-18.sty
Package: pgfcomp-version-1-18 2025-08-29 v3.1.11a (3.1.11a)
)) (/usr/share/texmf-dist/tex/latex/pgf/utilities/pgffor.sty (/usr/share/texmf-
dist/tex/latex/pgf/utilities/pgfkeys.sty (/usr/share/texmf-dist/tex/generic/pgf
/utilities/pgfkeys.code.tex)) (/usr/share/texmf-dist/tex/latex/pgf/math/pgfmath
.sty (/usr/share/texmf-dist/tex/generic/pgf/math/pgfmath.code.tex)) (/usr/share
/texmf-dist/tex/generic/pgf/utilities/pgffor.code.tex
Package: pgffor 2025-08-29 v3.1.11a (3.1.11a)
\pgffor@iter=\dimen276
\pgffor@skip=\dimen277
\pgffor@stack=\toks36
\pgffor@toks=\toks37
)) (/usr/share/texmf-dist/tex/generic/pgf/frontendlayer/tikz/tikz.code.tex
Package: tikz 2025-08-29 v3.1.11a (3.1.11a)

(/usr/share/texmf-dist/tex/generic/pgf/libraries/pgflibraryplothandlers.code.te
x
File: pgflibraryplothandlers.code.tex 2025-08-29 v3.1.11a (3.1.11a)
\pgf@plot@mark@count=\count321
\pgfplotmarksize=\dimen278
)
\tikz@lastx=\dimen279
\tikz@lasty=\dimen280
\tikz@lastxsaved=\dimen281
\tikz@lastysaved=\dimen282
\tikz@lastmovetox=\dimen283
\tikz@lastmovetoy=\dimen284
\tikzleveldistance=\dimen285
\tikzsiblingdistance=\dimen286
\tikz@figbox=\box64
\tikz@figbox@bg=\box65
\tikz@tempbox=\box66
\tikz@tempbox@bg=\box67
\tikztreelevel=\count322
\tikznumberofchildren=\count323
\tikznumberofcurrentchild=\count324
\tikz@fig@count=\count325
(/usr/share/texmf-dist/tex/generic/pgf/modules/pgfmodulematrix.code.tex
File: pgfmodulematrix.code.tex 2025-08-29 v3.1.11a (3.1.11a)
\pgfmatrixcurrentrow=\count326
\pgfmatrixcurrentcolumn=\count327
\pgf@matrix@numberofcolumns=\count328
)
\tikz@expandcount=\count329

(/usr/share/texmf-dist/tex/generic/pgf/frontendlayer/tikz/libraries/tikzlibrary
topaths.code.tex
File: tikzlibrarytopaths.code.tex 2025-08-29 v3.1.11a (3.1.11a)
))) (/usr/share/texmf-dist/tex/generic/pgfplots/pgfplots.code.tex (/usr/share/t
exmf-dist/tex/generic/pgfplots/pgfplotscore.code.tex
\t@pgfplots@toka=\toks38
\t@pgfplots@tokb=\toks39
\t@pgfplots@tokc=\toks40
\pgfplots@tmpa=\dimen287
\c@pgfplots@coordindex=\count330
\c@pgfplots@scanlineindex=\count331
(/usr/share/texmf-dist/tex/generic/pgfplots/sys/pgfplotssysgeneric.code.tex)) (
/usr/share/texmf-dist/tex/generic/pgfplots/libs/pgfplotslibrary.code.tex)
(/usr/share/texmf-dist/tex/generic/pgfplots/oldpgfcompatib/pgfplotsoldpgfsupp_l
oader.code.tex (/usr/share/texmf-dist/tex/generic/pgf/libraries/pgflibraryfpu.c
ode.tex)
(/usr/share/texmf-dist/tex/generic/pgfplots/oldpgfcompatib/pgfplotsoldpgfsupp_p
gfutil-common-lists.tex)) (/usr/share/texmf-dist/tex/generic/pgfplots/util/pgfp
lotsutil.code.tex
(/usr/share/texmf-dist/tex/generic/pgfplots/liststructure/pgfplotsliststructure
.code.tex)
(/usr/share/texmf-dist/tex/generic/pgfplots/liststructure/pgfplotsliststructure
ext.code.tex)
(/usr/share/texmf-dist/tex/generic/pgfplots/liststructure/pgfplotsarray.code.te
x
\c@pgfplotsarray@tmp=\count332
)
(/usr/share/texmf-dist/tex/generic/pgfplots/liststructure/pgfplotsmatrix.code.t
ex)
(/usr/share/texmf-dist/tex/generic/pgfplots/numtable/pgfplotstableshared.code.t
ex
\c@pgfplotstable@counta=\count333
\t@pgfplotstable@a=\toks41
)
(/usr/share/texmf-dist/tex/generic/pgfplots/liststructure/pgfplotsdeque.code.te
x) (/usr/share/texmf-dist/tex/generic/pgfplots/util/pgfplotsbinary.code.tex (/u
sr/share/texmf-dist/tex/generic/pgfplots/util/pgfplotsbinary.data.code.tex)) (/
usr/share/texmf-dist/tex/generic/pgfplots/util/pgfplotsutil.verb.code.tex)
(/usr/share/texmf-dist/tex/generic/pgfplots/libs/pgflibrarypgfplots.surfshading
.code.tex
\c@pgfplotslibrarysurf@no=\count334

(/usr/share/texmf-dist/tex/generic/pgfplots/sys/pgflibrarypgfplots.surfshading.
pgfsys-xetex.def
(/usr/share/texmf-dist/tex/generic/pgfplots/sys/pgflibrarypgfplots.surfshading.
pgfsys-dvipdfmx.def
\c@pgfplotslibrarysurf@streamlen=\count335
)))) (/usr/share/texmf-dist/tex/generic/pgfplots/util/pgfplotscolormap.code.tex
(/usr/share/texmf-dist/tex/generic/pgfplots/util/pgfplotscolor.code.tex)) (/usr
/share/texmf-dist/tex/generic/pgfplots/pgfplotsstackedplots.code.tex) (/usr/sha
re/texmf-dist/tex/generic/pgfplots/pgfplotsplothandlers.code.tex (/usr/share/te
xmf-dist/tex/generic/pgfplots/pgfplotsmeshplothandler.code.tex (/usr/share/texm
f-dist/tex/generic/pgfplots/pgfplotsmeshplotimage.code.tex))) (/usr/share/texmf
-dist/tex/generic/pgfplots/pgfplots.scaling.code.tex) (/usr/share/texmf-dist/te
x/generic/pgfplots/pgfplotscoordprocessing.code.tex) (/usr/share/texmf-dist/tex
/generic/pgfplots/pgfplots.errorbars.code.tex) (/usr/share/texmf-dist/tex/gener
ic/pgfplots/pgfplots.markers.code.tex) (/usr/share/texmf-dist/tex/generic/pgfpl
ots/pgfplotsticks.code.tex) (/usr/share/texmf-dist/tex/generic/pgfplots/pgfplot
s.paths.code.tex)
(/usr/share/texmf-dist/tex/generic/pgf/frontendlayer/tikz/libraries/tikzlibrary
decorations.code.tex (/usr/share/texmf-dist/tex/generic/pgf/modules/pgfmodulede
corations.code.tex
\pgfdecoratedcompleteddistance=\dimen288
\pgfdecoratedremainingdistance=\dimen289
\pgfdecoratedinputsegmentcompleteddistance=\dimen290
\pgfdecoratedinputsegmentremainingdistance=\dimen291
\pgf@decorate@distancetomove=\dimen292
\pgf@decorate@repeatstate=\count336
\pgfdecorationsegmentamplitude=\dimen293
\pgfdecorationsegmentlength=\dimen294
)
\tikz@lib@dec@box=\box68
)
(/usr/share/texmf-dist/tex/generic/pgf/frontendlayer/tikz/libraries/tikzlibrary
decorations.pathmorphing.code.tex
(/usr/share/texmf-dist/tex/generic/pgf/libraries/decorations/pgflibrarydecorati
ons.pathmorphing.code.tex))
(/usr/share/texmf-dist/tex/generic/pgf/frontendlayer/tikz/libraries/tikzlibrary
decorations.pathreplacing.code.tex
(/usr/share/texmf-dist/tex/generic/pgf/libraries/decorations/pgflibrarydecorati
ons.pathreplacing.code.tex))
(/usr/share/texmf-dist/tex/generic/pgfplots/libs/tikzlibrarypgfplots.contourlua
.code.tex)
\pgfplots@numplots=\count337
\pgfplots@xmin@reg=\dimen295
\pgfplots@xmax@reg=\dimen296
\pgfplots@ymin@reg=\dimen297
\pgfplots@ymax@reg=\dimen298
\pgfplots@zmin@reg=\dimen299
\pgfplots@zmax@reg=\dimen300
)
(/usr/share/texmf-dist/tex/generic/pgf/frontendlayer/tikz/libraries/tikzlibrary
plotmarks.code.tex
File: tikzlibraryplotmarks.code.tex 2025-08-29 v3.1.11a (3.1.11a)
(/usr/share/texmf-dist/tex/generic/pgf/libraries/pgflibraryplotmarks.code.tex
File: pgflibraryplotmarks.code.tex 2025-08-29 v3.1.11a (3.1.11a)
))) (/usr/share/texmf-dist/tex/latex/float/float.sty
Package: float 2001/11/08 v1.3d Float enhancements (AL)
\c@float@type=\count338
\float@exts=\toks42
\float@box=\box69
\@float@everytoks=\toks43
\@floatcapt=\box70
) (/usr/share/texmf-dist/tex/latex/setspace/setspace.sty
Package: setspace 2022/12/04 v6.7b set line spacing
) (/usr/share/texmf-dist/tex/latex/lipsum/lipsum.sty (/usr/share/texmf-dist/tex
/latex/l3packages/l3keys2e/l3keys2e.sty (/usr/share/texmf-dist/tex/latex/l3kern
el/expl3.sty
Package: expl3 2026-01-19 L3 programming layer (loader) 
(/usr/share/texmf-dist/tex/latex/l3backend/l3backend-xetex.def
File: l3backend-xetex.def 2025-10-09 L3 backend support: XeTeX
\g__graphics_track_int=\count339
\g__pdfannot_backend_int=\count340
\g__pdfannot_backend_link_int=\count341
))
Package: l3keys2e 2025-10-09 LaTeX2e option processing using LaTeX3 keys
)
Package: lipsum 2021-09-20 v2.7 150 paragraphs of Lorem Ipsum dummy text
\g__lipsum_par_int=\count342
\l__lipsum_a_int=\count343
\l__lipsum_b_int=\count344
(/usr/share/texmf-dist/tex/latex/lipsum/lipsum.ltd.tex)) (/usr/share/texmf-dist
/tex/latex/fancyhdr/fancyhdr.sty
Package: fancyhdr 2025/02/07 v5.2 Extensive control of page headers and footers

\f@nch@headwidth=\skip54
\f@nch@offset@elh=\skip55
\f@nch@offset@erh=\skip56
\f@nch@offset@olh=\skip57
\f@nch@offset@orh=\skip58
\f@nch@offset@elf=\skip59
\f@nch@offset@erf=\skip60
\f@nch@offset@olf=\skip61
\f@nch@offset@orf=\skip62
\f@nch@height=\skip63
\f@nch@footalignment=\skip64
\f@nch@widthL=\skip65
\f@nch@widthC=\skip66
\f@nch@widthR=\skip67
\@temptokenb=\toks44
) (/usr/share/texmf-dist/tex/latex/hyperref/hyperref.sty
Package: hyperref 2026-01-29 v7.01p Hypertext links for LaTeX
(/usr/share/texmf-dist/tex/generic/kvdefinekeys/kvdefinekeys.sty
Package: kvdefinekeys 2019-12-19 v1.6 Define keys (HO)
) (/usr/share/texmf-dist/tex/generic/pdfescape/pdfescape.sty
Package: pdfescape 2019/12/09 v1.15 Implements pdfTeX's escape features (HO)
(/usr/share/texmf-dist/tex/generic/pdftexcmds/pdftexcmds.sty
Package: pdftexcmds 2020-06-27 v0.33 Utility functions of pdfTeX for LuaTeX (HO
)
(/usr/share/texmf-dist/tex/generic/infwarerr/infwarerr.sty
Package: infwarerr 2019/12/03 v1.5 Providing info/warning/error messages (HO)
)
Package pdftexcmds Info: \pdf@primitive is available.
Package pdftexcmds Info: \pdf@ifprimitive is available.
Package pdftexcmds Info: \pdfdraftmode not found.
)) (/usr/share/texmf-dist/tex/latex/hycolor/hycolor.sty
Package: hycolor 2020-01-27 v1.10 Color options for hyperref/bookmark (HO)
) (/usr/share/texmf-dist/tex/latex/hyperref/nameref.sty
Package: nameref 2026-01-29 v2.58 Cross-referencing by name of section
(/usr/share/texmf-dist/tex/latex/refcount/refcount.sty
Package: refcount 2019/12/15 v3.6 Data extraction from label references (HO)
) (/usr/share/texmf-dist/tex/generic/gettitlestring/gettitlestring.sty
Package: gettitlestring 2019/12/15 v1.6 Cleanup title references (HO)
)
\c@section@level=\count345
) (/usr/share/texmf-dist/tex/generic/stringenc/stringenc.sty
Package: stringenc 2019/11/29 v1.12 Convert strings between diff. encodings (HO
)
)
\@linkdim=\dimen301
\Hy@linkcounter=\count346
\Hy@pagecounter=\count347
(/usr/share/texmf-dist/tex/latex/hyperref/pd1enc.def
File: pd1enc.def 2026-01-29 v7.01p Hyperref: PDFDocEncoding definition (HO)
) (/usr/share/texmf-dist/tex/generic/intcalc/intcalc.sty
Package: intcalc 2019/12/15 v1.3 Expandable calculations with integers (HO)
)
\Hy@SavedSpaceFactor=\count348
(/usr/share/texmf-dist/tex/latex/hyperref/puenc.def
File: puenc.def 2026-01-29 v7.01p Hyperref: PDF Unicode definition (HO)
)
Package hyperref Info: Hyper figures OFF on input line 4201.
Package hyperref Info: Link nesting OFF on input line 4206.
Package hyperref Info: Hyper index ON on input line 4209.
Package hyperref Info: Plain pages OFF on input line 4216.
Package hyperref Info: Backreferencing OFF on input line 4221.
Package hyperref Info: Implicit mode ON; LaTeX internals redefined.
Package hyperref Info: Bookmarks ON on input line 4468.
\c@Hy@tempcnt=\count349
(/usr/share/texmf-dist/tex/latex/url/url.sty
\Urlmuskip=\muskip18
Package: url 2013/09/16  ver 3.4  Verb mode for urls, etc.
)
LaTeX Info: Redefining \url on input line 4807.
\XeTeXLinkMargin=\dimen302
(/usr/share/texmf-dist/tex/generic/bitset/bitset.sty
Package: bitset 2019/12/09 v1.3 Handle bit-vector datatype (HO)
(/usr/share/texmf-dist/tex/generic/bigintcalc/bigintcalc.sty
Package: bigintcalc 2019/12/15 v1.5 Expandable calculations on big integers (HO
)
))
\Fld@menulength=\count350
\Field@Width=\dimen303
\Fld@charsize=\dimen304
Package hyperref Info: Hyper figures OFF on input line 6084.
Package hyperref Info: Link nesting OFF on input line 6089.
Package hyperref Info: Hyper index ON on input line 6092.
Package hyperref Info: backreferencing OFF on input line 6099.
Package hyperref Info: Link coloring OFF on input line 6104.
Package hyperref Info: Link coloring with OCG OFF on input line 6109.
Package hyperref Info: PDF/A mode OFF on input line 6114.
\Hy@abspage=\count351
\c@Item=\count352
\c@Hfootnote=\count353
)
Package hyperref Info: Driver (autodetected): hxetex.
(/usr/share/texmf-dist/tex/latex/hyperref/hxetex.def
File: hxetex.def 2026-01-29 v7.01p Hyperref driver for XeTeX
\pdfm@box=\box71
\c@Hy@AnnotLevel=\count354
\HyField@AnnotCount=\count355
\Fld@listcount=\count356
\c@bookmark@seq@number=\count357
(/usr/share/texmf-dist/tex/latex/rerunfilecheck/rerunfilecheck.sty
Package: rerunfilecheck 2025-06-21 v1.11 Rerun checks for auxiliary files (HO)
(/usr/share/texmf-dist/tex/generic/uniquecounter/uniquecounter.sty
Package: uniquecounter 2019/12/15 v1.4 Provide unlimited unique counter (HO)
)
Package uniquecounter Info: New unique counter `rerunfilecheck' on input line 2
84.
)
\Hy@SectionHShift=\skip68
) (/usr/share/texmf-dist/tex/latex/tools/array.sty
Package: array 2025/09/25 v2.6n Tabular extension package (FMi)
\col@sep=\dimen305
\ar@mcellbox=\box72
\extrarowheight=\dimen306
\NC@list=\toks45
\extratabsurround=\skip69
\backup@length=\skip70
\ar@cellbox=\box73
) (/usr/share/texmf-dist/tex/latex/fontspec/fontspec.sty (/usr/share/texmf-dist
/tex/latex/l3packages/xparse/xparse.sty
Package: xparse 2025-10-09 L3 Experimental document command parser
)
Package: fontspec 2025/09/29 v2.9g Font selection for XeLaTeX and LuaLaTeX
(/usr/share/texmf-dist/tex/latex/fontspec/fontspec-xetex.sty
Package: fontspec-xetex 2025/09/29 v2.9g Font selection for XeLaTeX and LuaLaTe
X
\l__fontspec_script_int=\count358
\l__fontspec_language_int=\count359
\l__fontspec_strnum_int=\count360
\l__fontspec_tmp_int=\count361
\l__fontspec_tmpa_int=\count362
\l__fontspec_tmpb_int=\count363
\l__fontspec_tmpc_int=\count364
\l__fontspec_em_int=\count365
\l__fontspec_emdef_int=\count366
\l__fontspec_strong_int=\count367
\l__fontspec_strongdef_int=\count368
\l__fontspec_tmpa_dim=\dimen307
\l__fontspec_tmpb_dim=\dimen308
\l__fontspec_tmpc_dim=\dimen309
(/usr/share/texmf-dist/tex/latex/base/fontenc.sty
Package: fontenc 2025/07/18 v2.1d Standard LaTeX package
) (/usr/share/texmf-dist/tex/latex/fontspec/fontspec.cfg)))

Package fontspec Info: 
(fontspec)             Font family 'CMUSerif(0)' created for font 'CMU Serif'
(fontspec)             with options [Ligatures=TeX].
(fontspec)              
(fontspec)              This font family consists of the following NFSS
(fontspec)             series/shapes:
(fontspec)              
(fontspec)             - 'normal' (m/n) with NFSS spec.: <->"CMU
(fontspec)             Serif/OT:script=latn;language=dflt;mapping=tex-text;"
(fontspec)             - 'bold' (b/n) with NFSS spec.: <->"CMU
(fontspec)             Serif/B/OT:script=latn;language=dflt;mapping=tex-text;"
(fontspec)             - 'italic' (m/it) with NFSS spec.: <->"CMU
(fontspec)             Serif/I/OT:script=latn;language=dflt;mapping=tex-text;"
(fontspec)             - 'bold italic' (b/it) with NFSS spec.: <->"CMU
(fontspec)             Serif/BI/OT:script=latn;language=dflt;mapping=tex-text;"


(/usr/share/texmf-dist/tex/latex/tools/tabularx.sty
Package: tabularx 2023/12/11 v2.12a `tabularx' package (DPC)
\TX@col@width=\dimen310
\TX@old@table=\dimen311
\TX@old@col=\dimen312
\TX@target=\dimen313
\TX@delta=\dimen314
\TX@cols=\count369
\TX@ftn=\toks46
) (/usr/share/texmf-dist/tex/latex/booktabs/booktabs.sty
Package: booktabs 2020/01/12 v1.61803398 Publication quality tables
\heavyrulewidth=\dimen315
\lightrulewidth=\dimen316
\cmidrulewidth=\dimen317
\belowrulesep=\dimen318
\belowbottomsep=\dimen319
\aboverulesep=\dimen320
\abovetopsep=\dimen321
\cmidrulesep=\dimen322
\cmidrulekern=\dimen323
\defaultaddspace=\dimen324
\@cmidla=\count370
\@cmidlb=\count371
\@aboverulesep=\dimen325
\@belowrulesep=\dimen326
\@thisruleclass=\count372
\@lastruleclass=\count373
\@thisrulewidth=\dimen327
) (/usr/share/texmf-dist/tex/latex/titlesec/titlesec.sty
Package: titlesec 2025/01/04 v2.17 Sectioning titles
\ttl@box=\box74
\beforetitleunit=\skip71
\aftertitleunit=\skip72
\ttl@plus=\dimen328
\ttl@minus=\dimen329
\ttl@toksa=\toks47
\titlewidth=\dimen330
\titlewidthlast=\dimen331
\titlewidthfirst=\dimen332
)) (./main.aux)
\openout1 = `main.aux'.

LaTeX Font Info:    Checking defaults for OML/cmm/m/it on input line 26.
LaTeX Font Info:    ... okay on input line 26.
LaTeX Font Info:    Checking defaults for OMS/cmsy/m/n on input line 26.
LaTeX Font Info:    ... okay on input line 26.
LaTeX Font Info:    Checking defaults for OT1/cmr/m/n on input line 26.
LaTeX Font Info:    ... okay on input line 26.
LaTeX Font Info:    Checking defaults for T1/cmr/m/n on input line 26.
LaTeX Font Info:    ... okay on input line 26.
LaTeX Font Info:    Checking defaults for TS1/cmr/m/n on input line 26.
LaTeX Font Info:    ... okay on input line 26.
LaTeX Font Info:    Checking defaults for TU/lmr/m/n on input line 26.
LaTeX Font Info:    ... okay on input line 26.
LaTeX Font Info:    Checking defaults for OMX/cmex/m/n on input line 26.
LaTeX Font Info:    ... okay on input line 26.
LaTeX Font Info:    Checking defaults for U/cmr/m/n on input line 26.
LaTeX Font Info:    ... okay on input line 26.
LaTeX Font Info:    Checking defaults for PD1/pdf/m/n on input line 26.
LaTeX Font Info:    ... okay on input line 26.
LaTeX Font Info:    Checking defaults for PU/pdf/m/n on input line 26.
LaTeX Font Info:    ... okay on input line 26.
*geometry* driver: auto-detecting
*geometry* detected driver: xetex
*geometry* verbose mode - [ preamble ] result:
* driver: xetex
* paper: a4paper
* layout: <same size as paper>
* layoutoffset:(h,v)=(0.0pt,0.0pt)
* modes: 
* h-part:(L,W,R)=(71.13188pt, 455.24411pt, 71.13188pt)
* v-part:(T,H,B)=(71.13188pt, 674.33032pt, 99.58464pt)
* \paperwidth=597.50787pt
* \paperheight=845.04684pt
* \textwidth=455.24411pt
* \textheight=674.33032pt
* \oddsidemargin=-1.1381pt
* \evensidemargin=-1.1381pt
* \topmargin=-38.1381pt
* \headheight=12.0pt
* \headsep=25.0pt
* \topskip=10.0pt
* \footskip=42.67912pt
* \marginparwidth=57.0pt
* \marginparsep=11.0pt
* \columnsep=10.0pt
* \skip\footins=9.0pt plus 4.0pt minus 2.0pt
* \hoffset=0.0pt
* \voffset=0.0pt
* \mag=1000
* \@twocolumnfalse
* \@twosidefalse
* \@mparswitchfalse
* \@reversemarginfalse
* (1in=72.27pt=25.4mm, 1cm=28.453pt)

\c@lstlisting=\count374
Package caption Info: Begin \AtBeginDocument code.
Package caption Info: float package is loaded.
Package caption Info: hyperref package is loaded.
Package caption Info: End \AtBeginDocument code.
Package pgfplots notification 'compat/show suggested version=true': document ha
s been generated with the most recent feature set (\pgfplotsset{compat=1.18}).

Package hyperref Info: Link coloring OFF on input line 26.
(./main.out) (./main.out)
\@outlinefile=\write4
\openout4 = `main.out'.


Package fontspec Info: 
(fontspec)             Adjusting the maths setup (use [no-math] to avoid
(fontspec)             this).

\symlegacymaths=\mathgroup6
LaTeX Font Info:    Overwriting symbol font `legacymaths' in version `bold'
(Font)                  OT1/cmr/m/n --> OT1/cmr/bx/n on input line 26.
LaTeX Font Info:    Redeclaring math accent \acute on input line 26.
LaTeX Font Info:    Redeclaring math accent \grave on input line 26.
LaTeX Font Info:    Redeclaring math accent \ddot on input line 26.
LaTeX Font Info:    Redeclaring math accent \tilde on input line 26.
LaTeX Font Info:    Redeclaring math accent \bar on input line 26.
LaTeX Font Info:    Redeclaring math accent \breve on input line 26.
LaTeX Font Info:    Redeclaring math accent \check on input line 26.
LaTeX Font Info:    Redeclaring math accent \hat on input line 26.
LaTeX Font Info:    Redeclaring math accent \dot on input line 26.
LaTeX Font Info:    Redeclaring math accent \mathring on input line 26.
LaTeX Font Info:    Redeclaring math symbol \Gamma on input line 26.
LaTeX Font Info:    Redeclaring math symbol \Delta on input line 26.
LaTeX Font Info:    Redeclaring math symbol \Theta on input line 26.
LaTeX Font Info:    Redeclaring math symbol \Lambda on input line 26.
LaTeX Font Info:    Redeclaring math symbol \Xi on input line 26.
LaTeX Font Info:    Redeclaring math symbol \Pi on input line 26.
LaTeX Font Info:    Redeclaring math symbol \Sigma on input line 26.
LaTeX Font Info:    Redeclaring math symbol \Upsilon on input line 26.
LaTeX Font Info:    Redeclaring math symbol \Phi on input line 26.
LaTeX Font Info:    Redeclaring math symbol \Psi on input line 26.
LaTeX Font Info:    Redeclaring math symbol \Omega on input line 26.
LaTeX Font Info:    Redeclaring math symbol \mathdollar on input line 26.
LaTeX Font Info:    Redeclaring symbol font `operators' on input line 26.
LaTeX Font Info:    Encoding `OT1' has changed to `TU' for symbol font
(Font)              `operators' in the math version `normal' on input line 26.
LaTeX Font Info:    Overwriting symbol font `operators' in version `normal'
(Font)                  OT1/cmr/m/n --> TU/CMUSerif(0)/m/n on input line 26.
LaTeX Font Info:    Encoding `OT1' has changed to `TU' for symbol font
(Font)              `operators' in the math version `bold' on input line 26.
LaTeX Font Info:    Overwriting symbol font `operators' in version `bold'
(Font)                  OT1/cmr/bx/n --> TU/CMUSerif(0)/m/n on input line 26.
LaTeX Font Info:    Overwriting symbol font `operators' in version `normal'
(Font)                  TU/CMUSerif(0)/m/n --> TU/CMUSerif(0)/m/n on input line
 26.
LaTeX Font Info:    Overwriting math alphabet `\mathit' in version `normal'
(Font)                  OT1/cmr/m/it --> TU/CMUSerif(0)/m/it on input line 26.
LaTeX Font Info:    Overwriting math alphabet `\mathbf' in version `normal'
(Font)                  OT1/cmr/bx/n --> TU/CMUSerif(0)/b/n on input line 26.
LaTeX Font Info:    Overwriting math alphabet `\mathsf' in version `normal'
(Font)                  OT1/cmss/m/n --> TU/lmss/m/n on input line 26.
LaTeX Font Info:    Overwriting math alphabet `\mathtt' in version `normal'
(Font)                  OT1/cmtt/m/n --> TU/lmtt/m/n on input line 26.
LaTeX Font Info:    Overwriting symbol font `operators' in version `bold'
(Font)                  TU/CMUSerif(0)/m/n --> TU/CMUSerif(0)/b/n on input line
 26.
LaTeX Font Info:    Overwriting math alphabet `\mathit' in version `bold'
(Font)                  OT1/cmr/bx/it --> TU/CMUSerif(0)/b/it on input line 26.

LaTeX Font Info:    Overwriting math alphabet `\mathsf' in version `bold'
(Font)                  OT1/cmss/bx/n --> TU/lmss/b/n on input line 26.
LaTeX Font Info:    Overwriting math alphabet `\mathtt' in version `bold'
(Font)                  OT1/cmtt/m/n --> TU/lmtt/b/n on input line 26.
(./Source files/00_titlepage.tex
File: template/UKIM_FINKI_IO.pdf Graphic file (type pdf)
<use template/UKIM_FINKI_IO.pdf>

LaTeX Font Warning: Font shape `TU/CMUSerif(0)/m/sc' undefined
(Font)              using `TU/CMUSerif(0)/m/n' instead on input line 53.

[1

]) (./Source files/01_abstract.tex
Overfull \hbox (36.9219pt too wide) in paragraph at lines 14--15
\TU/CMUSerif(0)/b/n/12 најистрајните предизвици во полето на компјутерската виз
ија и компјутерската
 []


Overfull \hbox (15.43884pt too wide) in paragraph at lines 14--15
\TU/CMUSerif(0)/b/n/12 графика. Целта на реконструкцијата е креирање на веродос
тојна дигитална
 []


Overfull \hbox (12.72816pt too wide) in paragraph at lines 14--15
\TU/CMUSerif(0)/b/n/12 репрезентација на објекти или сцени од реалниот свет, ко
ристејќи податоци
 []


Overfull \hbox (17.66605pt too wide) in paragraph at lines 14--15
\TU/CMUSerif(0)/b/n/12 како и современите пристапи базирани на машинско учење: 
Neural Radiance
 []


Overfull \hbox (9.93927pt too wide) in paragraph at lines 14--15
\TU/CMUSerif(0)/b/n/12 Fields (NeRF) и Gaussian splatting. Ќе се испитуваат нив
ните методолошки
 []


Overfull \hbox (2.39027pt too wide) in paragraph at lines 14--15
\TU/CMUSerif(0)/b/n/12 квалитет на конечните резултати, со цел да се добие подл
абоко разбирање
 []


Overfull \hbox (5.27542pt too wide) in paragraph at lines 14--15
\TU/CMUSerif(0)/b/n/12 да се одлучи кој е најсоодветен метод за користење во ра
злични сценарија.
 []


Overfull \hbox (10.30238pt too wide) in paragraph at lines 14--15
\TU/CMUSerif(0)/b/n/12 Посебен акцент се става на нивната примена во здравствот
о, археологијата,
 []


Overfull \hbox (5.26266pt too wide) in paragraph at lines 18--19
[]\TU/CMUSerif(0)/b/n/10 Клучни зборови: \TU/CMUSerif(0)/m/it/10 Фотограметрија
, Neural radiance fields, Gaussian splatting, тридимензионална
 []

[1]) (./main.toc
LaTeX Font Info:    Trying to load font information for U+msa on input line 3.
(/usr/share/texmf-dist/tex/latex/amsfonts/umsa.fd
File: umsa.fd 2013/01/14 v3.01 AMS symbols A
)
LaTeX Font Info:    Trying to load font information for U+msb on input line 3.
(/usr/share/texmf-dist/tex/latex/amsfonts/umsb.fd
File: umsb.fd 2013/01/14 v3.01 AMS symbols B
) [1

])
\tf@toc=\write5
\openout5 = `main.toc'.

(./Source files/02_introduction.tex [2]
\bbl@ensure@macedonian {Глава} 1.

Overfull \hbox (11.4393pt too wide) in paragraph at lines 7--8
\TU/CMUSerif(0)/m/n/12 Меките, деформабилни тела се голем дел од секојдневниот 
живот: ткаенина, мускули,
 []


Overfull \hbox (4.33699pt too wide) in paragraph at lines 9--10
\TU/CMUSerif(0)/m/n/12 изградена врз XPBD (add cite), конечно дозволува вакви с
имулации со интерактивна
 []


Overfull \hbox (17.38675pt too wide) in paragraph at lines 11--12
[]\TU/CMUSerif(0)/m/n/12 Во видео игрите е зголемена побарувачката за интеракти
вност со светот. Модерните
 []


Overfull \hbox (2.6352pt too wide) in paragraph at lines 11--12
\TU/CMUSerif(0)/m/n/12 играчки погони?? како Unreal Engine 5, Unity и Frostbite
 доаѓаат со имплементирани
 []


Overfull \hbox (48.02737pt too wide) in paragraph at lines 11--12
\TU/CMUSerif(0)/m/n/12 симулации на ткаенина; игрите почесто вклучуваат интерак
ции со меки тела (деформабилни
 []

[1

]
Overfull \hbox (12.65512pt too wide) in paragraph at lines 15--16
[]\TU/CMUSerif(0)/m/n/12 Во анимацијата, филмовите и специјалните ефекти, каде 
што најчесто симулациите
 []


Overfull \hbox (15.28128pt too wide) in paragraph at lines 15--16
\TU/CMUSerif(0)/m/n/12 се извршуваат офлајн (не се во реално време) се применув
аат интерактивни симулации
 []


Overfull \hbox (4.28168pt too wide) in paragraph at lines 18--19
\TU/CMUSerif(0)/m/n/12 конечни контактни многобразија - најчесето точки, рабови
 или страни. Геометријата
 []


Overfull \hbox (16.44379pt too wide) in paragraph at lines 18--19
\TU/CMUSerif(0)/m/n/12 не се изменува во векторскиот простор на телото, па било
 која структура за забрзување
 []


Overfull \hbox (12.16019pt too wide) in paragraph at lines 18--19
\TU/CMUSerif(0)/m/n/12 која што се гради еднаш останува валидна низ целиот век 
на симулацијата. Децениите
 []


Overfull \hbox (19.27737pt too wide) in paragraph at lines 20--21
[]\TU/CMUSerif(0)/m/n/12 Меките тели од другастрана ги прекршуваат сите претпос
тавки врз кои се потпираат
 []

[2]
Overfull \hbox (38.43362pt too wide) in paragraph at lines 29--30
\TU/CMUSerif(0)/m/n/12 кои добиваат големо забрзување може моментално да имаат 
високи брзини. Континуирана
 []


Overfull \hbox (0.42644pt too wide) in paragraph at lines 29--30
\TU/CMUSerif(0)/m/n/12 детекција на колизии (CCD) го решава овој проблем но со 
голема цена на пресметка,
 []


Overfull \hbox (20.168pt too wide) in paragraph at lines 29--30
\TU/CMUSerif(0)/m/n/12 во овој труд се користи само дискретна детекција и се сп
омнува ова ограничување. 
 []


Overfull \hbox (2.11722pt too wide) in paragraph at lines 33--34
\TU/CMUSerif(0)/m/n/12 множество од алатки кои работат заедно наместо само еден
 алгоритам. Мапирањето
 []


Overfull \hbox (19.99124pt too wide) in paragraph at lines 45--46
[]\TU/CMUSerif(0)/m/it/12 Глава 4 (Модел на меко тело) \TU/CMUSerif(0)/m/n/12 ј
а објаснува дискретизацијата: податочната структура
 []


Overfull \hbox (22.32895pt too wide) in paragraph at lines 45--46
\TU/CMUSerif(0)/m/n/12 што се користи, методот за тетраедрализација на објектот
, разликата помеѓу внатрешни
 []


Overfull \hbox (19.18948pt too wide) in paragraph at lines 45--46
\TU/CMUSerif(0)/m/n/12 и надворешни честички и формулацијата на ограничувањата 
за рабови и волумен. 
 []

[3]
Overfull \hbox (21.14243pt too wide) in paragraph at lines 51--52
\TU/CMUSerif(0)/m/n/12 на симулаторот: структурата на проектот, rendering pipel
ine, контроли со корисничкиот
 []


Overfull \hbox (16.90042pt too wide) in paragraph at lines 55--56
[]\TU/CMUSerif(0)/m/it/12 Глава 9 (Заклучок) \TU/CMUSerif(0)/m/n/12 се сумаризи
ра направеното и се дава осврт на идни подобрувања:
 []

) (./Source files/04_methodology.tex [4]
\bbl@ensure@macedonian {Глава} 2.

Overfull \hbox (8.9766pt too wide) in paragraph at lines 3--4
\TU/CMUSerif(0)/m/n/12 Литературата за симулација на меки тела има произведено 
повеќе различни фамилии
 []


Overfull \hbox (9.59769pt too wide) in paragraph at lines 3--4
\TU/CMUSerif(0)/m/n/12 Разбирањето на нивните предности и недостатоци е неопход
но пред да се дискутираат
 []


Overfull \hbox (0.80511pt too wide) in paragraph at lines 3--4
\TU/CMUSerif(0)/m/n/12 колизиите, бидејќи различни техники за колизии функциони
раат добро за различни
 []


Overfull \hbox (9.49417pt too wide) in paragraph at lines 7--8
\TU/CMUSerif(0)/m/n/12 Тие се најраните и наједноставните модели. Телото е диск
ретизирано како множество
 []


Overfull \hbox (17.8682pt too wide) in paragraph at lines 9--10
[]\TU/CMUSerif(0)/m/n/12 Јачината на овие системи е во нивната едноставност: им
аат едноставен математички
 []


Overfull \hbox (37.98245pt too wide) in paragraph at lines 9--10
\TU/CMUSerif(0)/m/n/12 модел и податочните структури се тривијални. Слабостите 
се тоа што цврстината(stiffness)
 []


Overfull \hbox (16.36176pt too wide) in paragraph at lines 9--10
\TU/CMUSerif(0)/m/n/12 заедно со експлицитна интеграција произведува нестабилно
ст, што форсира користење
 []


Overfull \hbox (2.02933pt too wide) in paragraph at lines 9--10
\TU/CMUSerif(0)/m/n/12 на мали временски чекори. Однесувањето е анисотропично з
ависно од топологијата,
 []


Overfull \hbox (8.8594pt too wide) in paragraph at lines 9--10
\TU/CMUSerif(0)/m/n/12 Подесување на систем на маса и пружина за да соодветству
ва на вистински материјал
 []


Overfull \hbox (3.47762pt too wide) in paragraph at lines 9--10
\TU/CMUSerif(0)/m/n/12 е многу тешко. И покрај овие недостатоци, овој модел се 
уште е чест во симулацијата
 []


Overfull \hbox (12.02347pt too wide) in paragraph at lines 9--10
\TU/CMUSerif(0)/m/n/12 на ткаенина и во едукативни имплементации токму поради т
оа што е едноставен. 
 []

[5

]
Overfull \hbox (8.62503pt too wide) in paragraph at lines 14--15
\TU/CMUSerif(0)/m/n/12 може да се изврши предпресметка на повеќето елементи од 
почетната конфигурација.
 []


Overfull \hbox (14.5391pt too wide) in paragraph at lines 16--17
\TU/CMUSerif(0)/m/n/12 на линеарерно напрегање во ротираната рамка. Резултатот 
е ротационо инваријантент
 []


Overfull \hbox (10.54828pt too wide) in paragraph at lines 18--19
\TU/CMUSerif(0)/m/n/12 Ривлин). Методот е физички точен, но скап: градиентот е 
покомплексен и стабилната
 []


Overfull \hbox (12.56253pt too wide) in paragraph at lines 18--19
\TU/CMUSerif(0)/m/n/12 интеграција најчесто бара имплицитни методи кои решаваат
 линеарен или нелинеарен
 []


Overfull \hbox (8.39886pt too wide) in paragraph at lines 21--22
\TU/CMUSerif(0)/m/n/12 наместо локални напрегања, што прави мали одлики на тело
то тешко да се прикажат.
 []


Overfull \hbox (6.51215pt too wide) in paragraph at lines 24--25
\TU/CMUSerif(0)/m/n/12 наместо да се изведуваат силите од енергијата и да се ин
тегрира, директно проектира
 []


Overfull \hbox (15.18948pt too wide) in paragraph at lines 24--25
\TU/CMUSerif(0)/m/n/12 честички за да се задоволат геометриски ограничувања. По
сле чекор на предвидување
 []


Overfull \hbox (3.4477pt too wide) in paragraph at lines 24--25
\TU/CMUSerif(0)/m/n/12 на позиција во Симплектичен-Ојлер стил (Symplectic-Euler
), итеративен Гаус-Сајдел
 []


Overfull \hbox (6.49808pt too wide) in paragraph at lines 26--27
\TU/CMUSerif(0)/m/n/12 контрола на квалитетот и делумно бидејќи формулациите ба
зирани на ограничувања
 []

[6]
Overfull \hbox (3.82913pt too wide) in paragraph at lines 28--29
\TU/CMUSerif(0)/m/n/12 бројот на итерации: удвојувањето на итерациите ефективно
 ја удвојува и цврстината
 []


Overfull \hbox (40.76538pt too wide) in paragraph at lines 31--32
\TU/CMUSerif(0)/b/n/12 Extended PBD (понатаму XPBD) \TU/CMUSerif(0)/m/n/12 го р
еформулира PBD како ограничен оптимизациски
 []


Underfull \hbox (badness 10000) in paragraph at lines 49--49
[]|\TU/CMUSerif(0)/b/n/10 Material
 []


Underfull \hbox (badness 10000) in paragraph at lines 49--49
[]|\TU/CMUSerif(0)/m/n/10 Small
 []


Underfull \hbox (badness 10000) in paragraph at lines 49--49
[]|\TU/CMUSerif(0)/m/n/10 Continuum
 []


Underfull \hbox (badness 10000) in paragraph at lines 49--49
\TU/CMUSerif(0)/m/n/10 strain, rotation-
 []


Underfull \hbox (badness 10000) in paragraph at lines 49--49
[]|\TU/CMUSerif(0)/m/n/10 Real-time soft
 []


Underfull \hbox (badness 10000) in paragraph at lines 49--49
\TU/CMUSerif(0)/m/n/10 bodies, surgical
 []


Underfull \hbox (badness 10000) in paragraph at lines 49--49
[]|\TU/CMUSerif(0)/m/n/10 Good (with
 []


Underfull \hbox (badness 10000) in paragraph at lines 49--49
[]|\TU/CMUSerif(0)/m/n/10 Offline accurate
 []


Underfull \hbox (badness 10000) in paragraph at lines 49--49
[]|\TU/CMUSerif(0)/m/n/10 Stylised solids,
 []


Underfull \hbox (badness 10000) in paragraph at lines 49--49
[]|\TU/CMUSerif(0)/m/n/10 Compliance,
 []


Underfull \hbox (badness 10000) in paragraph at lines 49--49
[]|\TU/CMUSerif(0)/m/n/10 Real-time
 []


Underfull \hbox (badness 10000) in paragraph at lines 49--49
[]|\TU/CMUSerif(0)/m/n/10 Compliance,
 []


Underfull \hbox (badness 10000) in paragraph at lines 49--49
\TU/CMUSerif(0)/m/n/10 iteration-
 []


Underfull \hbox (badness 10000) in paragraph at lines 49--49
[]|\TU/CMUSerif(0)/m/n/10 Real-time
 []


Underfull \hbox (badness 10000) in paragraph at lines 49--49
\TU/CMUSerif(0)/m/n/10 everything
 []


Overfull \hbox (1.17776pt too wide) in paragraph at lines 57--58
[]\TU/CMUSerif(0)/b/n/12 Прово\TU/CMUSerif(0)/m/n/12 [[]] користи модел на маса
 и пружина но додава чекор што прави корекција
 []

[7]
Overfull \hbox (3.2598pt too wide) in paragraph at lines 59--60
\TU/CMUSerif(0)/m/n/12 методи. Тука се поставува проблемот на стабилност наспро
ти цврстина што подоцна
 []


Overfull \hbox (3.05653pt too wide) in paragraph at lines 69--70
[]\TU/CMUSerif(0)/b/n/12 Маклин, Милер, Чентанез\TU/CMUSerif(0)/m/n/12 [[]] со 
XPBD ја воведуваат формулацијата објаснета
 []


Overfull \hbox (30.83206pt too wide) in paragraph at lines 71--72
\TU/CMUSerif(0)/m/n/12 течности) и инженерски подобрувања(имплементации на GPU,
 паралелно распоредување
 []


Overfull \hbox (31.66121pt too wide) in paragraph at lines 71--72
\TU/CMUSerif(0)/m/n/12 на ограничувања, справување со контакти). XPBD останува 
најкористената формулација
 []


Overfull \hbox (8.40237pt too wide) in paragraph at lines 71--72
\TU/CMUSerif(0)/m/n/12 за користење во системи во реално време во моментот на п
ишување на овој труд. 
 []

File: Miscellaneous/incremental-sfm.png Graphic file (type bmp)
<Miscellaneous/incremental-sfm.png>

LaTeX Warning: Citation `schonberger2016structure' on page 8 undefined on input
 line 77.


LaTeX Warning: Citation `schonberger2016structure' on page 8 undefined on input
 line 77.

File: Miscellaneous/epipolar-geometry.jpg Graphic file (type bmp)
<Miscellaneous/epipolar-geometry.jpg>

LaTeX Warning: Citation `hartley2003multiple' on page 8 undefined on input line
 85.


LaTeX Warning: Citation `hartley2003multiple' on page 8 undefined on input line
 85.


LaTeX Warning: `h' float specifier changed to `ht'.

[8]
Overfull \hbox (9.79402pt too wide) in paragraph at lines 101--102
\TU/CMUSerif(0)/m/n/12 длабочина на пробивање. За произволни триаголнести мрежи
, BVH и SAT(Separating
 []


Overfull \hbox (11.918pt too wide) in paragraph at lines 106--107
\TU/CMUSerif(0)/m/n/12 Дискретните детекции за колизии ги проверуваат позициите
 на крајот на временскиот
 []

[9]
Overfull \hbox (18.63284pt too wide) in paragraph at lines 116--117
\TU/CMUSerif(0)/m/n/12 за меки тела бидејќи претпоставката за ”цврстина” се нар
ушува при секој контакт. 
 []


Overfull \hbox (31.43558pt too wide) in paragraph at lines 118--119
\TU/CMUSerif(0)/m/n/12 непродорливоста како ограничување на нееднаквост и решав
а линеарен комплементарски
 []

[10]
Overfull \hbox (26.06448pt too wide) in paragraph at lines 132--133
\TU/CMUSerif(0)/m/n/12 справување со кластери што се сечат. Стандард во офлајн 
симулатори за ткаенина. 
 []


Overfull \hbox (4.0805pt too wide) in paragraph at lines 134--135
\TU/CMUSerif(0)/m/n/12 континуирано детектирање, топологијата на телото (ткаени
на наспроти волуменска)
 []

[11]
\bbl@ensure@macedonian {Глава} 3.

Overfull \hbox (17.76904pt too wide) in paragraph at lines 138--138
|\TU/CMUSerif(0)/b/n/24.88 3. Математички и физички основи| 
 []


Overfull \hbox (15.95566pt too wide) in paragraph at lines 147--148
[]\TU/CMUSerif(0)/m/n/12 каде што $\OML/cmm/m/it/12 F[]$ \TU/CMUSerif(0)/m/n/12
 е вкупната сила на честичката i. Во овој труд, единствената надворешна
 []


Overfull \hbox (8.19614pt too wide) in paragraph at lines 147--148
\TU/CMUSerif(0)/m/n/12 влијанија (ограничувања на рабови, ограничувања на волум
ен, судири) се воведуваат
 []


Overfull \hbox (53.87698pt too wide) in paragraph at lines 147--148
\TU/CMUSerif(0)/m/n/12 како ограничувања во §3.2 и се проектираат за време на р
ешавањето на ограничувањата. 
 []


Overfull \hbox (30.55276pt too wide) in paragraph at lines 149--150
[]\TU/CMUSerif(0)/m/n/12 Дискретизацијата во времето создава нумерички интеграт
ор. Три се релевантни. 
 []

Missing character: There is no Δ ("394) in font cmmi12!
Missing character: There is no ω ("3C9) in font cmmi12!

Overfull \hbox (2.11371pt too wide) in paragraph at lines 157--158
\TU/CMUSerif(0)/m/n/12 примарен интегратор за симулатор на честички. Прво, тој 
не ја зачувува енергијата:
 []


Overfull \hbox (0.8223pt too wide) in paragraph at lines 157--158
\TU/CMUSerif(0)/m/n/12 симулирање. Едноставен хармониски осцилатор симулиран со
 eксплицитниот Ojлер
 []

[12

]
Missing character: There is no Δ ("394) in font cmmi12!
Missing character: There is no Δ ("394) in font cmmi12!
Missing character: There is no ← (U+2190) in font CMU Serif Roman/OT:script=lat
n;language=dflt;mapping=tex-text;!
Missing character: There is no ј ("458) in font cmmi12!
Missing character: There is no а ("430) in font cmmi12!
Missing character: There is no к ("43A) in font cmmi12!
Missing character: There is no о ("43E) in font cmmi12!
Missing character: There is no р ("440) in font cmmi12!
Missing character: There is no и ("438) in font cmmi12!
Missing character: There is no с ("441) in font cmmi12!
Missing character: There is no т ("442) in font cmmi12!
Missing character: There is no и ("438) in font cmmi12!
Missing character: There is no н ("43D) in font cmmi12!
Missing character: There is no о ("43E) in font cmmi12!
Missing character: There is no в ("432) in font cmmi12!
Missing character: There is no а ("430) in font cmmi12!
Missing character: There is no т ("442) in font cmmi12!
Missing character: There is no а ("430) in font cmmi12!
Missing character: There is no б ("431) in font cmmi12!
Missing character: There is no р ("440) in font cmmi12!
Missing character: There is no з ("437) in font cmmi12!
Missing character: There is no и ("438) in font cmmi12!
Missing character: There is no н ("43D) in font cmmi12!
Missing character: There is no а ("430) in font cmmi12!

Overfull \hbox (50.99261pt too wide) in paragraph at lines 166--167
\TU/CMUSerif(0)/m/n/12 долги временски опсези. Поместувањето на енергијата е ог
раничено, наместо монотоно. 
 []


Overfull \hbox (2.3555pt too wide) in paragraph at lines 168--169
\TU/CMUSerif(0)/m/n/12 XPBD. Во комбинација со проекција на ограничувањата во ч
екорот за пресметување
 []


Overfull \hbox (1.40863pt too wide) in paragraph at lines 168--169
\TU/CMUSerif(0)/m/n/12 на позицијата, тој дава безусловно стабилно однесување д
ури и за тврди материјали,
 []


Overfull \hbox (2.22073pt too wide) in paragraph at lines 181--182
\TU/CMUSerif(0)/m/n/12 Динамиката заснована на ограничувања е реформација на пр
облемот со симулација.
 []

[13]
Overfull \hbox (4.94534pt too wide) in paragraph at lines 191--192
\TU/CMUSerif(0)/m/n/12 се ретки — ограничувањето на работ помеѓу честичките i и
 j има вредности различни
 []


Overfull \hbox (12.09642pt too wide) in paragraph at lines 194--195
\TU/CMUSerif(0)/m/n/12 дека ограничувањето го турка системот по насока на $\OMS
/cmsy/m/n/12 r\OML/cmm/m/it/12 C$ \TU/CMUSerif(0)/m/n/12 за количина пропорцион
ална
 []


Overfull \hbox (7.10394pt too wide) in paragraph at lines 196--197
[]\TU/CMUSerif(0)/m/n/12 Со едно ограничување и предвидената положба x* од §3.1
, проектираната положба
 []

Missing character: There is no ⁻ (U+207B) in font CMU Serif Roman/OT:script=lat
n;language=dflt;mapping=tex-text;!
Missing character: There is no ¹ (U+00B9) in font CMU Serif Roman/OT:script=lat
n;language=dflt;mapping=tex-text;!
Missing character: There is no ∇ (U+2207) in font CMU Serif Roman/OT:script=lat
n;language=dflt;mapping=tex-text;!
Missing character: There is no − (U+2212) in font CMU Serif Roman/OT:script=lat
n;language=dflt;mapping=tex-text;!
Missing character: There is no ∇ (U+2207) in font CMU Serif Roman/OT:script=lat
n;language=dflt;mapping=tex-text;!
Missing character: There is no ⁻ (U+207B) in font CMU Serif Roman/OT:script=lat
n;language=dflt;mapping=tex-text;!
Missing character: There is no ¹ (U+00B9) in font CMU Serif Roman/OT:script=lat
n;language=dflt;mapping=tex-text;!
Missing character: There is no ∇ (U+2207) in font CMU Serif Roman/OT:script=lat
n;language=dflt;mapping=tex-text;!

Overfull \hbox (20.21918pt too wide) in paragraph at lines 203--204
\TU/CMUSerif(0)/m/n/12 по ред, независно проектирајќи го и ажурирајќи ја позици
јата. Следното ограничување
 []


Overfull \hbox (0.7016pt too wide) in paragraph at lines 205--206
\TU/CMUSerif(0)/m/n/12 решавачи (на пр. конјугиран градиент на линеаризираниот 
систем), но е тривијална
 []


Overfull \hbox (29.51433pt too wide) in paragraph at lines 205--206
\TU/CMUSerif(0)/m/n/12 стандарден образец на решач во PBD/XPBD во реално време.
 Тековната имплементација
 []

[14]
Overfull \hbox (10.2598pt too wide) in paragraph at lines 214--215
\TU/CMUSerif(0)/m/n/12 параметар на подложност (кој се поставува преку графички
от кориснички интерфејс)
 []


Overfull \hbox (8.14691pt too wide) in paragraph at lines 218--219
\TU/CMUSerif(0)/m/n/12 ограничувања со усогласување, усогласеноста се појавува 
во равенките за ажурирање
 []


Overfull \hbox (2.50198pt too wide) in paragraph at lines 222--223
\TU/CMUSerif(0)/m/n/12 ограничување со усогласеност α се однесува поцврсто при 
помали чекори на времето.
 []


Overfull \hbox (0.30472pt too wide) in paragraph at lines 222--223
\TU/CMUSerif(0)/m/n/12 ”вистинската” целна усогласеност без оглед на тоа колку 
итерации се потребни. 
 []

[15]
Overfull \hbox (16.93304pt too wide) in paragraph at lines 239--243
\TU/CMUSerif(0)/m/n/12 терминот на усогласеност. Како што $\OML/cmm/m/it/12 ^^U
$ \TU/CMUSerif(0)/m/n/12 расте, зголеменото се намалува, сигнализирајќи
 []


Overfull \hbox (34.45978pt too wide) in paragraph at lines 239--243
\OMS/cmsy/m/n/12 r\OML/cmm/m/it/12 C\OT1/cmr/m/n/12 (\OML/cmm/m/it/12 x\OT1/cmr
/m/n/12 )[] + [])$ \TU/CMUSerif(0)/m/n/12 е генерализираната инверзна маса (или
 ”ефективна маса”) на ограничувањето,
 []

[16]
\bbl@ensure@macedonian {Глава} 4.

Overfull \hbox (2.43167pt too wide) in paragraph at lines 258--259
\TU/CMUSerif(0)/m/n/12 Кога се импортира некоја мрежа за рендерирање на екран (
пример од .obj датотека),
 []


Package hyperref Warning: Difference (2) between bookmark levels is greater 
(hyperref)                than one, level fixed on input line 260.

[17

]
Overfull \hbox (4.3516pt too wide) in paragraph at lines 279--280
\TU/CMUSerif(0)/m/n/12 добиваат мрежа од точки како влез и даваат тетраедрализи
рано тело во секунди 
 []


Overfull \hbox (12.05276pt too wide) in paragraph at lines 289--290
[]\TU/CMUSerif(0)/m/n/12 Рабни ограничувања (едно по уникатен раб на површината
). Секое ограничување
 []


Overfull \hbox (8.5635pt too wide) in paragraph at lines 293--294
[]\TU/CMUSerif(0)/m/n/12 Двете ограничувања имаат различна улога: рабовите ја з
адржуваат надворешната
 []


Overfull \hbox (1.62308pt too wide) in paragraph at lines 299--300
[]\TU/CMUSerif(0)/m/n/12 Одлуката да се користи \TU/CMUSerif(0)/m/it/12 инверзн
а \TU/CMUSerif(0)/m/n/12 маса е намерна и соодветствува на конвенцијата
 []

[18]
Overfull \hbox (1.90433pt too wide) in paragraph at lines 307--308
[]\TU/CMUSerif(0)/b/n/12 numSurfaceParticles \TU/CMUSerif(0)/m/n/12 - бројот на
 уникатни темиња на површината. Се користи
 []

[19]
Overfull \hbox (7.06683pt too wide) in paragraph at lines 331--332
\TU/CMUSerif(0)/m/n/12 Штајнер точки на површинските триаголници, што ќе ја нар
уши претпоставката
 []


Overfull \hbox (169.42581pt too wide) in paragraph at lines 341--342
\TU/CMUSerif(0)/m/n/12 ограничување по раб на триаголник би креирално дупликати
 на рабовите. \TU/CMUSerif(0)/b/n/12 Solver::createConstraintFromIndices
 []

[20]
Overfull \hbox (33.32465pt too wide) in paragraph at lines 349--350
\TU/CMUSerif(0)/m/n/12 иницијалните позиции на честичките, па „обликот при миру
вање“ на телото е геометријата
 []


Overfull \hbox (9.67386pt too wide) in paragraph at lines 361--362
[]\TU/CMUSerif(0)/m/n/12 Читање на позиции и инверзни маси. Излез ако двете чес
тички имаат бесконечни
 []


Overfull \hbox (8.78578pt too wide) in paragraph at lines 362--363
[]\TU/CMUSerif(0)/m/n/12 Пресметка на $\OML/cmm/m/it/12 I \OT1/cmr/m/n/12 = \OM
S/cmsy/m/n/12 k\OML/cmm/m/it/12 x[] \OMS/cmsy/m/n/12 ^^@ \OML/cmm/m/it/12 x[]\O
MS/cmsy/m/n/12 k$\TU/CMUSerif(0)/m/n/12 . Излез ако $\OML/cmm/m/it/12 I < \OT1/
cmr/m/n/12 10[]$ \TU/CMUSerif(0)/m/n/12 (Дегенериран раб со недефиниран
 []

[21]
\bbl@ensure@macedonian {Глава} 5.
File: Miscellaneous/nerf-optimization-comparison.png Graphic file (type bmp)
<Miscellaneous/nerf-optimization-comparison.png>

LaTeX Warning: Citation `mildenhall2021nerf' on page 22 undefined on input line
 405.


LaTeX Warning: Citation `mildenhall2021nerf' on page 22 undefined on input line
 405.


LaTeX Warning: Citation `mildenhall2020nerf' on page 22 undefined on input line
 409.


LaTeX Warning: Citation `mildenhall2020nerf' on page 22 undefined on input line
 409.


LaTeX Warning: Citation `mildenhall2020nerf' on page 22 undefined on input line
 409.


LaTeX Warning: Citation `mildenhall2020nerf' on page 22 undefined on input line
 409.


Overfull \hbox (6.62698pt too wide) in paragraph at lines 409--410
\TU/CMUSerif(0)/m/n/12 евалуираат сите овие примероци подеднакво би била многу 
голема и експоненцијално
 []


Overfull \hbox (2.55766pt too wide) in paragraph at lines 409--410
\TU/CMUSerif(0)/m/n/12 точка $\OML/cmm/m/it/12 i$\TU/CMUSerif(0)/m/n/12 , со ко
и се кажува кој интервал од зракот најповеќе придонесува до конечната
 []


Overfull \hbox (7.05667pt too wide) in paragraph at lines 409--410
\TU/CMUSerif(0)/m/n/12 сцената [[]]. Од добиената веројатносна распределба се з
емаат најважните примероци
 []

[22

]
File: Miscellaneous/nerf-tek.png Graphic file (type bmp)
<Miscellaneous/nerf-tek.png>

LaTeX Warning: Citation `mildenhall2021nerf' on page 23 undefined on input line
 414.


LaTeX Warning: Citation `mildenhall2021nerf' on page 23 undefined on input line
 414.


Underfull \hbox (badness 1748) in paragraph at lines 414--414
[]\TU/CMUSerif(0)/m/n/10 Слика 5.2: |Преглед на текот на NeRF моделот. Се разло
жува сцената со земање на
 []

) (./Source files/05_results.tex) (./Source files/06_conclusion.tex [23]
\bbl@ensure@macedonian {Глава} 6.

Overfull \hbox (28.58206pt too wide) in paragraph at lines 3--4
\TU/CMUSerif(0)/m/n/12 унифицирана експериментална рамка применета врз шест спе
цијално одбрани податочни
 []


Overfull \hbox (30.2641pt too wide) in paragraph at lines 3--4
\TU/CMUSerif(0)/b/n/12 точност \TU/CMUSerif(0)/m/n/12 и \TU/CMUSerif(0)/b/n/12 
временска ефикасност\TU/CMUSerif(0)/m/n/12 , користејќи квантитативни метрики и
 квалитативни
 []


Overfull \hbox (10.33246pt too wide) in paragraph at lines 5--6
[]\TU/CMUSerif(0)/m/n/12 Резултатите од експериментите покажуваат дека \TU/CMUS
erif(0)/b/n/12 фотограметријата\TU/CMUSerif(0)/m/n/12 , иако постар
 []


Overfull \hbox (2.35394pt too wide) in paragraph at lines 5--6
\TU/CMUSerif(0)/m/n/12 при реконструкција. Дополнително, \TU/CMUSerif(0)/b/n/12
 фотограметријата \TU/CMUSerif(0)/m/n/12 во просек има долго време
 []


Overfull \hbox (15.34222pt too wide) in paragraph at lines 5--6
\TU/CMUSerif(0)/m/n/12 на процесирање, а квалитетот на реконструкцијата е дирек
тно корелиран со преклопот
 []


Overfull \hbox (5.67426pt too wide) in paragraph at lines 5--6
\TU/CMUSerif(0)/m/n/12 на сликите од податочното множество, како и големината н
а самото множество. 
 []


Overfull \hbox (20.90823pt too wide) in paragraph at lines 7--8
\TU/CMUSerif(0)/m/n/12 детали и одлично претставува промени во осветлувањето на
 сцената. Главен недостаток
 []


Overfull \hbox (34.71199pt too wide) in paragraph at lines 7--8
\TU/CMUSerif(0)/m/n/12 односно доколку множеството на погледи е мало, \TU/CMUSe
rif(0)/b/n/12 NeRF \TU/CMUSerif(0)/m/n/12 резултира со лошо реконстуирана
 []


Overfull \hbox (16.93402pt too wide) in paragraph at lines 9--10
[]\TU/CMUSerif(0)/m/n/12 Како последно, \TU/CMUSerif(0)/b/n/12 гаусовото распрс
кување \TU/CMUSerif(0)/m/n/12 се истакна како најбалансирано решение
 []


Overfull \hbox (54.19574pt too wide) in paragraph at lines 9--10
\TU/CMUSerif(0)/m/n/12 од експериментите покажаа добра визуелна конзистентност,
 често подобра од алтернативниот
 []

)
Overfull \hbox (2.58636pt too wide) in paragraph at lines 11--56
[]\TU/CMUSerif(0)/m/n/12 Сумирано, анализата потврдува дека ниеден метод не дом
инира во сите сценарија
 []


Overfull \hbox (3.09285pt too wide) in paragraph at lines 11--56
\TU/CMUSerif(0)/m/n/12 реконструкции во контролирани услови, додека \TU/CMUSeri
f(0)/b/n/12 NeRF \TU/CMUSerif(0)/m/n/12 и \TU/CMUSerif(0)/b/n/12 гаусовото расп
рскување
 []


Overfull \hbox (11.89456pt too wide) in paragraph at lines 11--56
\TU/CMUSerif(0)/m/n/12 нервонските и геометриските принципи во еден унифициран 
метод на реконструкција.
 []


Underfull \hbox (badness 10000) in paragraph at lines 11--56

 []

[24

] (./Source files/bibliography.tex (./main.bbl [25]
Underfull \hbox (badness 1158) in paragraph at lines 11--18
\TU/CMUSerif(0)/m/n/12 SIGGRAPH ’98, page 43–54, New York, NY, USA, 1998. Assoc
iation for
 []

[26

])) [27] (./main.aux)
 ***********
LaTeX2e <2025-11-01>
L3 programming layer <2026-01-19>
 ***********

LaTeX Font Warning: Some font shapes were not available, defaults substituted.


LaTeX Warning: There were undefined references.

Package rerunfilecheck Info: File `main.out' has not changed.
(rerunfilecheck)             Checksum: 383E8AEE5A9EB2B25D532CE2388E5355;12932.
 ) 
Here is how much of TeX's memory you used:
 37900 strings out of 469438
 893799 string characters out of 5471046
 1534976 words of memory out of 5000000
 65885 multiletter control sequences out of 15000+600000
 634665 words of font info for 97 fonts, out of 8000000 for 9000
 682 hyphenation exceptions out of 8191
 104i,12n,111p,1956b,491s stack positions out of 10000i,1000n,20000p,200000b,200000s

Output written on main.xdv (31 pages, 606520 bytes).
